{"/Users/yokuny/Documents/GitHub/driven.t/src/app.ts": {"path":"/Users/yokuny/Documents/GitHub/driven.t/src/app.ts","statementMap":{"0":{"start":{"line":1,"column":0},"end":{"line":1,"column":26}},"1":{"start":{"line":2,"column":0},"end":{"line":2,"column":30}},"2":{"start":{"line":3,"column":0},"end":{"line":3,"column":43}},"3":{"start":{"line":4,"column":0},"end":{"line":4,"column":24}},"4":{"start":{"line":6,"column":0},"end":{"line":6,"column":60}},"5":{"start":{"line":8,"column":0},"end":{"line":8,"column":10}},"6":{"start":{"line":10,"column":0},"end":{"line":10,"column":56}},"7":{"start":{"line":11,"column":0},"end":{"line":11,"column":null}},"8":{"start":{"line":22,"column":12},"end":{"line":22,"column":21}},"9":{"start":{"line":23,"column":0},"end":{"line":35,"column":32}},"10":{"start":{"line":26,"column":33},"end":{"line":26,"column":48}},"11":{"start":{"line":38,"column":2},"end":{"line":38,"column":14}},"12":{"start":{"line":39,"column":2},"end":{"line":39,"column":30}},"13":{"start":{"line":37,"column":0},"end":{"line":37,"column":16}},"14":{"start":{"line":43,"column":2},"end":{"line":43,"column":23}},"15":{"start":{"line":42,"column":0},"end":{"line":42,"column":7}},"16":{"start":{"line":46,"column":0},"end":{"line":46,"column":19}}},"fnMap":{"0":{"name":"(anonymous_1)","decl":{"start":{"line":26,"column":18},"end":{"line":26,"column":19}},"loc":{"start":{"line":26,"column":33},"end":{"line":26,"column":48}}},"1":{"name":"init","decl":{"start":{"line":37,"column":16},"end":{"line":37,"column":20}},"loc":{"start":{"line":37,"column":20},"end":{"line":40,"column":1}}},"2":{"name":"close","decl":{"start":{"line":42,"column":22},"end":{"line":42,"column":27}},"loc":{"start":{"line":42,"column":27},"end":{"line":44,"column":1}}}},"branchMap":{},"s":{"0":11,"1":11,"2":11,"3":11,"4":11,"5":11,"6":11,"7":11,"8":11,"9":11,"10":1,"11":11,"12":11,"13":11,"14":0,"15":11,"16":11},"f":{"0":1,"1":11,"2":0},"b":{}}
,"/Users/yokuny/Documents/GitHub/driven.t/src/server.ts": {"path":"/Users/yokuny/Documents/GitHub/driven.t/src/server.ts","statementMap":{"0":{"start":{"line":1,"column":0},"end":{"line":1,"column":34}},"1":{"start":{"line":3,"column":13},"end":{"line":3,"column":38}},"2":{"start":{"line":5,"column":0},"end":{"line":10,"column":3}},"3":{"start":{"line":6,"column":2},"end":{"line":9,"column":5}},"4":{"start":{"line":8,"column":4},"end":{"line":8,"column":56}}},"fnMap":{"0":{"name":"(anonymous_6)","decl":{"start":{"line":5,"column":12},"end":{"line":5,"column":15}},"loc":{"start":{"line":5,"column":17},"end":{"line":10,"column":1}}},"1":{"name":"(anonymous_7)","decl":{"start":{"line":6,"column":19},"end":{"line":6,"column":22}},"loc":{"start":{"line":6,"column":24},"end":{"line":9,"column":3}}}},"branchMap":{"0":{"loc":{"start":{"line":3,"column":13},"end":{"line":3,"column":38}},"type":"binary-expr","locations":[{"start":{"line":3,"column":13},"end":{"line":3,"column":30}},{"start":{"line":3,"column":34},"end":{"line":3,"column":38}}]}},"s":{"0":0,"1":0,"2":0,"3":0,"4":0},"f":{"0":0,"1":0},"b":{"0":[0,0]}}
,"/Users/yokuny/Documents/GitHub/driven.t/src/config/database.ts": {"path":"/Users/yokuny/Documents/GitHub/driven.t/src/config/database.ts","statementMap":{"0":{"start":{"line":1,"column":0},"end":{"line":1,"column":46}},"1":{"start":{"line":5,"column":2},"end":{"line":5,"column":30}},"2":{"start":{"line":4,"column":0},"end":{"line":4,"column":16}},"3":{"start":{"line":9,"column":2},"end":{"line":9,"column":30}},"4":{"start":{"line":8,"column":0},"end":{"line":8,"column":7}}},"fnMap":{"0":{"name":"connectDb","decl":{"start":{"line":4,"column":16},"end":{"line":4,"column":25}},"loc":{"start":{"line":4,"column":25},"end":{"line":6,"column":1}}},"1":{"name":"disconnectDB","decl":{"start":{"line":8,"column":22},"end":{"line":8,"column":34}},"loc":{"start":{"line":8,"column":34},"end":{"line":10,"column":1}}}},"branchMap":{},"s":{"0":14,"1":11,"2":14,"3":0,"4":14},"f":{"0":11,"1":0},"b":{}}
,"/Users/yokuny/Documents/GitHub/driven.t/src/config/envs.ts": {"path":"/Users/yokuny/Documents/GitHub/driven.t/src/config/envs.ts","statementMap":{"0":{"start":{"line":1,"column":0},"end":{"line":1,"column":28}},"1":{"start":{"line":2,"column":0},"end":{"line":2,"column":41}},"2":{"start":{"line":6,"column":4},"end":{"line":10,"column":14}},"3":{"start":{"line":12,"column":22},"end":{"line":12,"column":45}},"4":{"start":{"line":13,"column":2},"end":{"line":13,"column":35}},"5":{"start":{"line":4,"column":0},"end":{"line":4,"column":16}}},"fnMap":{"0":{"name":"loadEnv","decl":{"start":{"line":4,"column":16},"end":{"line":4,"column":23}},"loc":{"start":{"line":4,"column":23},"end":{"line":14,"column":1}}}},"branchMap":{"0":{"loc":{"start":{"line":6,"column":4},"end":{"line":10,"column":14}},"type":"cond-expr","locations":[{"start":{"line":7,"column":8},"end":{"line":7,"column":19}},{"start":{"line":8,"column":8},"end":{"line":10,"column":14}}]},"1":{"loc":{"start":{"line":8,"column":8},"end":{"line":10,"column":14}},"type":"cond-expr","locations":[{"start":{"line":9,"column":8},"end":{"line":9,"column":26}},{"start":{"line":10,"column":8},"end":{"line":10,"column":14}}]}},"s":{"0":14,"1":14,"2":25,"3":25,"4":25,"5":14},"f":{"0":25},"b":{"0":[25,0],"1":[0,0]}}
,"/Users/yokuny/Documents/GitHub/driven.t/src/config/index.ts": {"path":"/Users/yokuny/Documents/GitHub/driven.t/src/config/index.ts","statementMap":{"0":{"start":{"line":1,"column":0},"end":{"line":1,"column":23}},"1":{"start":{"line":2,"column":0},"end":{"line":2,"column":27}}},"fnMap":{},"branchMap":{},"s":{"0":14,"1":14},"f":{},"b":{}}
,"/Users/yokuny/Documents/GitHub/driven.t/src/controllers/authentication-controller.ts": {"path":"/Users/yokuny/Documents/GitHub/driven.t/src/controllers/authentication-controller.ts","statementMap":{"0":{"start":{"line":2,"column":0},"end":{"line":2,"column":37}},"1":{"start":{"line":3,"column":0},"end":{"line":3,"column":70}},"2":{"start":{"line":7,"column":30},"end":{"line":7,"column":54}},"3":{"start":{"line":9,"column":2},"end":{"line":15,"column":null}},"4":{"start":{"line":10,"column":19},"end":{"line":10,"column":74}},"5":{"start":{"line":12,"column":4},"end":{"line":12,"column":50}},"6":{"start":{"line":14,"column":4},"end":{"line":14,"column":56}},"7":{"start":{"line":6,"column":0},"end":{"line":6,"column":7}}},"fnMap":{"0":{"name":"singInPost","decl":{"start":{"line":6,"column":22},"end":{"line":6,"column":32}},"loc":{"start":{"line":6,"column":60},"end":{"line":16,"column":1}}}},"branchMap":{},"s":{"0":11,"1":11,"2":5,"3":5,"4":5,"5":3,"6":2,"7":11},"f":{"0":5},"b":{}}
,"/Users/yokuny/Documents/GitHub/driven.t/src/controllers/booking-controller.ts": {"path":"/Users/yokuny/Documents/GitHub/driven.t/src/controllers/booking-controller.ts","statementMap":{"0":{"start":{"line":2,"column":0},"end":{"line":2,"column":37}},"1":{"start":{"line":4,"column":0},"end":{"line":4,"column":56}},"2":{"start":{"line":7,"column":21},"end":{"line":7,"column":24}},"3":{"start":{"line":9,"column":2},"end":{"line":18,"column":null}},"4":{"start":{"line":10,"column":24},"end":{"line":10,"column":76}},"5":{"start":{"line":12,"column":4},"end":{"line":12,"column":55}},"6":{"start":{"line":14,"column":4},"end":{"line":14,"column":101}},"7":{"start":{"line":14,"column":50},"end":{"line":14,"column":101}},"8":{"start":{"line":15,"column":4},"end":{"line":16,"column":58}},"9":{"start":{"line":16,"column":6},"end":{"line":16,"column":58}},"10":{"start":{"line":17,"column":4},"end":{"line":17,"column":58}},"11":{"start":{"line":6,"column":0},"end":{"line":6,"column":7}},"12":{"start":{"line":22,"column":21},"end":{"line":22,"column":24}},"13":{"start":{"line":23,"column":21},"end":{"line":23,"column":29}},"14":{"start":{"line":25,"column":2},"end":{"line":34,"column":null}},"15":{"start":{"line":26,"column":22},"end":{"line":26,"column":90}},"16":{"start":{"line":28,"column":4},"end":{"line":28,"column":57}},"17":{"start":{"line":30,"column":4},"end":{"line":30,"column":90}},"18":{"start":{"line":30,"column":46},"end":{"line":30,"column":90}},"19":{"start":{"line":31,"column":4},"end":{"line":32,"column":50}},"20":{"start":{"line":32,"column":6},"end":{"line":32,"column":50}},"21":{"start":{"line":33,"column":4},"end":{"line":33,"column":60}},"22":{"start":{"line":21,"column":0},"end":{"line":21,"column":7}},"23":{"start":{"line":38,"column":21},"end":{"line":38,"column":24}},"24":{"start":{"line":39,"column":21},"end":{"line":39,"column":29}},"25":{"start":{"line":40,"column":24},"end":{"line":40,"column":34}},"26":{"start":{"line":42,"column":2},"end":{"line":52,"column":null}},"27":{"start":{"line":43,"column":17},"end":{"line":43,"column":106}},"28":{"start":{"line":45,"column":4},"end":{"line":45,"column":48}},"29":{"start":{"line":47,"column":4},"end":{"line":47,"column":90}},"30":{"start":{"line":47,"column":46},"end":{"line":47,"column":90}},"31":{"start":{"line":48,"column":4},"end":{"line":48,"column":102}},"32":{"start":{"line":48,"column":51},"end":{"line":48,"column":102}},"33":{"start":{"line":49,"column":4},"end":{"line":50,"column":50}},"34":{"start":{"line":50,"column":6},"end":{"line":50,"column":50}},"35":{"start":{"line":51,"column":4},"end":{"line":51,"column":60}},"36":{"start":{"line":37,"column":0},"end":{"line":37,"column":7}}},"fnMap":{"0":{"name":"userBooking","decl":{"start":{"line":6,"column":22},"end":{"line":6,"column":33}},"loc":{"start":{"line":6,"column":74},"end":{"line":19,"column":1}}},"1":{"name":"reserveRoom","decl":{"start":{"line":21,"column":22},"end":{"line":21,"column":33}},"loc":{"start":{"line":21,"column":74},"end":{"line":35,"column":1}}},"2":{"name":"changeReserve","decl":{"start":{"line":37,"column":22},"end":{"line":37,"column":35}},"loc":{"start":{"line":37,"column":76},"end":{"line":53,"column":1}}}},"branchMap":{"0":{"loc":{"start":{"line":14,"column":4},"end":{"line":14,"column":101}},"type":"if","locations":[{"start":{"line":14,"column":4},"end":{"line":14,"column":101}}]},"1":{"loc":{"start":{"line":15,"column":4},"end":{"line":16,"column":58}},"type":"if","locations":[{"start":{"line":15,"column":4},"end":{"line":16,"column":58}}]},"2":{"loc":{"start":{"line":15,"column":8},"end":{"line":15,"column":75}},"type":"binary-expr","locations":[{"start":{"line":15,"column":8},"end":{"line":15,"column":38}},{"start":{"line":15,"column":42},"end":{"line":15,"column":75}}]},"3":{"loc":{"start":{"line":30,"column":4},"end":{"line":30,"column":90}},"type":"if","locations":[{"start":{"line":30,"column":4},"end":{"line":30,"column":90}}]},"4":{"loc":{"start":{"line":31,"column":4},"end":{"line":32,"column":50}},"type":"if","locations":[{"start":{"line":31,"column":4},"end":{"line":32,"column":50}}]},"5":{"loc":{"start":{"line":31,"column":8},"end":{"line":31,"column":75}},"type":"binary-expr","locations":[{"start":{"line":31,"column":8},"end":{"line":31,"column":38}},{"start":{"line":31,"column":42},"end":{"line":31,"column":75}}]},"6":{"loc":{"start":{"line":47,"column":4},"end":{"line":47,"column":90}},"type":"if","locations":[{"start":{"line":47,"column":4},"end":{"line":47,"column":90}}]},"7":{"loc":{"start":{"line":48,"column":4},"end":{"line":48,"column":102}},"type":"if","locations":[{"start":{"line":48,"column":4},"end":{"line":48,"column":102}}]},"8":{"loc":{"start":{"line":49,"column":4},"end":{"line":50,"column":50}},"type":"if","locations":[{"start":{"line":49,"column":4},"end":{"line":50,"column":50}}]},"9":{"loc":{"start":{"line":49,"column":8},"end":{"line":49,"column":75}},"type":"binary-expr","locations":[{"start":{"line":49,"column":8},"end":{"line":49,"column":38}},{"start":{"line":49,"column":42},"end":{"line":49,"column":75}}]}},"s":{"0":11,"1":11,"2":2,"3":2,"4":2,"5":0,"6":2,"7":0,"8":2,"9":2,"10":0,"11":11,"12":3,"13":3,"14":3,"15":3,"16":1,"17":2,"18":1,"19":1,"20":1,"21":0,"22":11,"23":6,"24":6,"25":6,"26":6,"27":6,"28":0,"29":6,"30":6,"31":0,"32":0,"33":0,"34":0,"35":0,"36":11},"f":{"0":2,"1":3,"2":6},"b":{"0":[0],"1":[2],"2":[2,0],"3":[1],"4":[1],"5":[1,0],"6":[6],"7":[0],"8":[0],"9":[0,0]}}
,"/Users/yokuny/Documents/GitHub/driven.t/src/controllers/enrollments-controller.ts": {"path":"/Users/yokuny/Documents/GitHub/driven.t/src/controllers/enrollments-controller.ts","statementMap":{"0":{"start":{"line":2,"column":0},"end":{"line":2,"column":37}},"1":{"start":{"line":4,"column":0},"end":{"line":4,"column":64}},"2":{"start":{"line":7,"column":21},"end":{"line":7,"column":24}},"3":{"start":{"line":9,"column":2},"end":{"line":15,"column":null}},"4":{"start":{"line":10,"column":34},"end":{"line":10,"column":92}},"5":{"start":{"line":12,"column":4},"end":{"line":12,"column":65}},"6":{"start":{"line":14,"column":4},"end":{"line":14,"column":49}},"7":{"start":{"line":6,"column":0},"end":{"line":6,"column":7}},"8":{"start":{"line":19,"column":2},"end":{"line":28,"column":null}},"9":{"start":{"line":20,"column":4},"end":{"line":23,"column":7}},"10":{"start":{"line":25,"column":4},"end":{"line":25,"column":41}},"11":{"start":{"line":27,"column":4},"end":{"line":27,"column":50}},"12":{"start":{"line":18,"column":0},"end":{"line":18,"column":7}},"13":{"start":{"line":32,"column":18},"end":{"line":32,"column":53}},"14":{"start":{"line":34,"column":2},"end":{"line":41,"column":null}},"15":{"start":{"line":35,"column":20},"end":{"line":35,"column":67}},"16":{"start":{"line":36,"column":4},"end":{"line":36,"column":44}},"17":{"start":{"line":38,"column":4},"end":{"line":40,"column":null}},"18":{"start":{"line":39,"column":6},"end":{"line":39,"column":51}},"19":{"start":{"line":31,"column":0},"end":{"line":31,"column":7}}},"fnMap":{"0":{"name":"getEnrollmentByUser","decl":{"start":{"line":6,"column":22},"end":{"line":6,"column":41}},"loc":{"start":{"line":6,"column":82},"end":{"line":16,"column":1}}},"1":{"name":"postCreateOrUpdateEnrollment","decl":{"start":{"line":18,"column":22},"end":{"line":18,"column":50}},"loc":{"start":{"line":18,"column":91},"end":{"line":29,"column":1}}},"2":{"name":"getAddressFromCEP","decl":{"start":{"line":31,"column":22},"end":{"line":31,"column":39}},"loc":{"start":{"line":31,"column":80},"end":{"line":42,"column":1}}}},"branchMap":{"0":{"loc":{"start":{"line":38,"column":4},"end":{"line":40,"column":null}},"type":"if","locations":[{"start":{"line":38,"column":4},"end":{"line":40,"column":null}}]}},"s":{"0":11,"1":11,"2":2,"3":2,"4":2,"5":1,"6":1,"7":11,"8":2,"9":2,"10":2,"11":0,"12":11,"13":2,"14":2,"15":2,"16":1,"17":1,"18":1,"19":11},"f":{"0":2,"1":2,"2":2},"b":{"0":[1]}}
,"/Users/yokuny/Documents/GitHub/driven.t/src/controllers/events-controller.ts": {"path":"/Users/yokuny/Documents/GitHub/driven.t/src/controllers/events-controller.ts","statementMap":{"0":{"start":{"line":2,"column":0},"end":{"line":2,"column":37}},"1":{"start":{"line":3,"column":0},"end":{"line":3,"column":54}},"2":{"start":{"line":6,"column":2},"end":{"line":11,"column":null}},"3":{"start":{"line":7,"column":18},"end":{"line":7,"column":53}},"4":{"start":{"line":8,"column":4},"end":{"line":8,"column":49}},"5":{"start":{"line":10,"column":4},"end":{"line":10,"column":53}},"6":{"start":{"line":5,"column":0},"end":{"line":5,"column":7}}},"fnMap":{"0":{"name":"getDefaultEvent","decl":{"start":{"line":5,"column":22},"end":{"line":5,"column":37}},"loc":{"start":{"line":5,"column":66},"end":{"line":12,"column":1}}}},"branchMap":{},"s":{"0":11,"1":11,"2":2,"3":2,"4":1,"5":1,"6":11},"f":{"0":2},"b":{}}
,"/Users/yokuny/Documents/GitHub/driven.t/src/controllers/hotels-controller.ts": {"path":"/Users/yokuny/Documents/GitHub/driven.t/src/controllers/hotels-controller.ts","statementMap":{"0":{"start":{"line":2,"column":0},"end":{"line":2,"column":37}},"1":{"start":{"line":3,"column":0},"end":{"line":3,"column":54}},"2":{"start":{"line":6,"column":18},"end":{"line":18,"column":1}},"3":{"start":{"line":7,"column":21},"end":{"line":7,"column":24}},"4":{"start":{"line":8,"column":2},"end":{"line":17,"column":null}},"5":{"start":{"line":9,"column":19},"end":{"line":9,"column":67}},"6":{"start":{"line":11,"column":4},"end":{"line":11,"column":50}},"7":{"start":{"line":13,"column":4},"end":{"line":13,"column":91}},"8":{"start":{"line":13,"column":45},"end":{"line":13,"column":91}},"9":{"start":{"line":14,"column":4},"end":{"line":14,"column":91}},"10":{"start":{"line":14,"column":40},"end":{"line":14,"column":91}},"11":{"start":{"line":15,"column":4},"end":{"line":15,"column":117}},"12":{"start":{"line":15,"column":73},"end":{"line":15,"column":117}},"13":{"start":{"line":16,"column":4},"end":{"line":16,"column":56}},"14":{"start":{"line":35,"column":9},"end":{"line":35,"column":18}},"15":{"start":{"line":20,"column":17},"end":{"line":33,"column":1}},"16":{"start":{"line":21,"column":22},"end":{"line":21,"column":32}},"17":{"start":{"line":22,"column":21},"end":{"line":22,"column":24}},"18":{"start":{"line":23,"column":2},"end":{"line":32,"column":null}},"19":{"start":{"line":24,"column":23},"end":{"line":24,"column":89}},"20":{"start":{"line":26,"column":4},"end":{"line":26,"column":54}},"21":{"start":{"line":28,"column":4},"end":{"line":28,"column":91}},"22":{"start":{"line":28,"column":45},"end":{"line":28,"column":91}},"23":{"start":{"line":29,"column":4},"end":{"line":29,"column":91}},"24":{"start":{"line":29,"column":40},"end":{"line":29,"column":91}},"25":{"start":{"line":30,"column":4},"end":{"line":30,"column":117}},"26":{"start":{"line":30,"column":73},"end":{"line":30,"column":117}},"27":{"start":{"line":31,"column":4},"end":{"line":31,"column":60}},"28":{"start":{"line":35,"column":20},"end":{"line":35,"column":28}}},"fnMap":{"0":{"name":"(anonymous_1)","decl":{"start":{"line":6,"column":18},"end":{"line":6,"column":23}},"loc":{"start":{"line":6,"column":69},"end":{"line":18,"column":1}}},"1":{"name":"(anonymous_2)","decl":{"start":{"line":20,"column":17},"end":{"line":20,"column":22}},"loc":{"start":{"line":20,"column":68},"end":{"line":33,"column":1}}}},"branchMap":{"0":{"loc":{"start":{"line":13,"column":4},"end":{"line":13,"column":91}},"type":"if","locations":[{"start":{"line":13,"column":4},"end":{"line":13,"column":91}}]},"1":{"loc":{"start":{"line":14,"column":4},"end":{"line":14,"column":91}},"type":"if","locations":[{"start":{"line":14,"column":4},"end":{"line":14,"column":91}}]},"2":{"loc":{"start":{"line":15,"column":4},"end":{"line":15,"column":117}},"type":"if","locations":[{"start":{"line":15,"column":4},"end":{"line":15,"column":117}}]},"3":{"loc":{"start":{"line":15,"column":8},"end":{"line":15,"column":71}},"type":"binary-expr","locations":[{"start":{"line":15,"column":8},"end":{"line":15,"column":39}},{"start":{"line":15,"column":43},"end":{"line":15,"column":71}}]},"4":{"loc":{"start":{"line":28,"column":4},"end":{"line":28,"column":91}},"type":"if","locations":[{"start":{"line":28,"column":4},"end":{"line":28,"column":91}}]},"5":{"loc":{"start":{"line":29,"column":4},"end":{"line":29,"column":91}},"type":"if","locations":[{"start":{"line":29,"column":4},"end":{"line":29,"column":91}}]},"6":{"loc":{"start":{"line":30,"column":4},"end":{"line":30,"column":117}},"type":"if","locations":[{"start":{"line":30,"column":4},"end":{"line":30,"column":117}}]},"7":{"loc":{"start":{"line":30,"column":8},"end":{"line":30,"column":71}},"type":"binary-expr","locations":[{"start":{"line":30,"column":8},"end":{"line":30,"column":39}},{"start":{"line":30,"column":43},"end":{"line":30,"column":71}}]}},"s":{"0":11,"1":11,"2":11,"3":10,"4":10,"5":10,"6":1,"7":9,"8":0,"9":9,"10":6,"11":3,"12":3,"13":0,"14":11,"15":11,"16":3,"17":3,"18":3,"19":3,"20":0,"21":3,"22":0,"23":3,"24":0,"25":3,"26":3,"27":0,"28":11},"f":{"0":10,"1":3},"b":{"0":[0],"1":[6],"2":[3],"3":[3,1],"4":[0],"5":[0],"6":[3],"7":[3,1]}}
,"/Users/yokuny/Documents/GitHub/driven.t/src/controllers/index.ts": {"path":"/Users/yokuny/Documents/GitHub/driven.t/src/controllers/index.ts","statementMap":{"0":{"start":{"line":1,"column":0},"end":{"line":1,"column":35}},"1":{"start":{"line":2,"column":0},"end":{"line":2,"column":44}},"2":{"start":{"line":3,"column":0},"end":{"line":3,"column":36}},"3":{"start":{"line":4,"column":0},"end":{"line":4,"column":41}},"4":{"start":{"line":5,"column":0},"end":{"line":5,"column":37}},"5":{"start":{"line":6,"column":0},"end":{"line":6,"column":38}},"6":{"start":{"line":7,"column":0},"end":{"line":7,"column":36}},"7":{"start":{"line":8,"column":0},"end":{"line":8,"column":37}}},"fnMap":{},"branchMap":{},"s":{"0":11,"1":11,"2":11,"3":11,"4":11,"5":11,"6":11,"7":11},"f":{},"b":{}}
,"/Users/yokuny/Documents/GitHub/driven.t/src/controllers/payments-controller.ts": {"path":"/Users/yokuny/Documents/GitHub/driven.t/src/controllers/payments-controller.ts","statementMap":{"0":{"start":{"line":2,"column":0},"end":{"line":2,"column":37}},"1":{"start":{"line":4,"column":0},"end":{"line":4,"column":58}},"2":{"start":{"line":7,"column":2},"end":{"line":22,"column":null}},"3":{"start":{"line":8,"column":21},"end":{"line":8,"column":47}},"4":{"start":{"line":9,"column":23},"end":{"line":9,"column":26}},"5":{"start":{"line":11,"column":4},"end":{"line":11,"column":65}},"6":{"start":{"line":11,"column":19},"end":{"line":11,"column":65}},"7":{"start":{"line":13,"column":20},"end":{"line":13,"column":80}},"8":{"start":{"line":14,"column":4},"end":{"line":14,"column":62}},"9":{"start":{"line":14,"column":18},"end":{"line":14,"column":62}},"10":{"start":{"line":16,"column":4},"end":{"line":16,"column":51}},"11":{"start":{"line":18,"column":4},"end":{"line":20,"column":null}},"12":{"start":{"line":19,"column":6},"end":{"line":19,"column":53}},"13":{"start":{"line":21,"column":4},"end":{"line":21,"column":48}},"14":{"start":{"line":6,"column":0},"end":{"line":6,"column":7}},"15":{"start":{"line":26,"column":21},"end":{"line":26,"column":24}},"16":{"start":{"line":27,"column":33},"end":{"line":27,"column":41}},"17":{"start":{"line":29,"column":2},"end":{"line":41,"column":null}},"18":{"start":{"line":30,"column":4},"end":{"line":30,"column":78}},"19":{"start":{"line":30,"column":32},"end":{"line":30,"column":78}},"20":{"start":{"line":32,"column":20},"end":{"line":32,"column":84}},"21":{"start":{"line":33,"column":4},"end":{"line":33,"column":62}},"22":{"start":{"line":33,"column":18},"end":{"line":33,"column":62}},"23":{"start":{"line":35,"column":4},"end":{"line":35,"column":51}},"24":{"start":{"line":37,"column":4},"end":{"line":39,"column":null}},"25":{"start":{"line":38,"column":6},"end":{"line":38,"column":53}},"26":{"start":{"line":40,"column":4},"end":{"line":40,"column":48}},"27":{"start":{"line":25,"column":0},"end":{"line":25,"column":7}}},"fnMap":{"0":{"name":"getPaymentByTicketId","decl":{"start":{"line":6,"column":22},"end":{"line":6,"column":42}},"loc":{"start":{"line":6,"column":83},"end":{"line":23,"column":1}}},"1":{"name":"paymentProcess","decl":{"start":{"line":25,"column":22},"end":{"line":25,"column":36}},"loc":{"start":{"line":25,"column":77},"end":{"line":42,"column":1}}}},"branchMap":{"0":{"loc":{"start":{"line":11,"column":4},"end":{"line":11,"column":65}},"type":"if","locations":[{"start":{"line":11,"column":4},"end":{"line":11,"column":65}}]},"1":{"loc":{"start":{"line":14,"column":4},"end":{"line":14,"column":62}},"type":"if","locations":[{"start":{"line":14,"column":4},"end":{"line":14,"column":62}}]},"2":{"loc":{"start":{"line":18,"column":4},"end":{"line":20,"column":null}},"type":"if","locations":[{"start":{"line":18,"column":4},"end":{"line":20,"column":null}}]},"3":{"loc":{"start":{"line":30,"column":4},"end":{"line":30,"column":78}},"type":"if","locations":[{"start":{"line":30,"column":4},"end":{"line":30,"column":78}}]},"4":{"loc":{"start":{"line":30,"column":8},"end":{"line":30,"column":30}},"type":"binary-expr","locations":[{"start":{"line":30,"column":8},"end":{"line":30,"column":17}},{"start":{"line":30,"column":21},"end":{"line":30,"column":30}}]},"5":{"loc":{"start":{"line":33,"column":4},"end":{"line":33,"column":62}},"type":"if","locations":[{"start":{"line":33,"column":4},"end":{"line":33,"column":62}}]},"6":{"loc":{"start":{"line":37,"column":4},"end":{"line":39,"column":null}},"type":"if","locations":[{"start":{"line":37,"column":4},"end":{"line":39,"column":null}}]}},"s":{"0":11,"1":11,"2":4,"3":4,"4":4,"5":4,"6":1,"7":3,"8":1,"9":0,"10":1,"11":2,"12":1,"13":1,"14":11,"15":7,"16":7,"17":7,"18":7,"19":2,"20":5,"21":3,"22":0,"23":3,"24":2,"25":1,"26":1,"27":11},"f":{"0":4,"1":7},"b":{"0":[1],"1":[0],"2":[1],"3":[2],"4":[7,6],"5":[0],"6":[1]}}
,"/Users/yokuny/Documents/GitHub/driven.t/src/controllers/tickets-controller.ts": {"path":"/Users/yokuny/Documents/GitHub/driven.t/src/controllers/tickets-controller.ts","statementMap":{"0":{"start":{"line":2,"column":0},"end":{"line":2,"column":37}},"1":{"start":{"line":4,"column":0},"end":{"line":4,"column":55}},"2":{"start":{"line":7,"column":2},"end":{"line":12,"column":null}},"3":{"start":{"line":8,"column":24},"end":{"line":8,"column":59}},"4":{"start":{"line":9,"column":4},"end":{"line":9,"column":55}},"5":{"start":{"line":11,"column":4},"end":{"line":11,"column":49}},"6":{"start":{"line":6,"column":0},"end":{"line":6,"column":7}},"7":{"start":{"line":16,"column":21},"end":{"line":16,"column":24}},"8":{"start":{"line":18,"column":2},"end":{"line":23,"column":null}},"9":{"start":{"line":19,"column":19},"end":{"line":19,"column":64}},"10":{"start":{"line":20,"column":4},"end":{"line":20,"column":50}},"11":{"start":{"line":22,"column":4},"end":{"line":22,"column":48}},"12":{"start":{"line":15,"column":0},"end":{"line":15,"column":7}},"13":{"start":{"line":27,"column":21},"end":{"line":27,"column":24}},"14":{"start":{"line":28,"column":27},"end":{"line":28,"column":54}},"15":{"start":{"line":30,"column":2},"end":{"line":32,"column":null}},"16":{"start":{"line":31,"column":4},"end":{"line":31,"column":50}},"17":{"start":{"line":34,"column":2},"end":{"line":39,"column":null}},"18":{"start":{"line":35,"column":19},"end":{"line":35,"column":73}},"19":{"start":{"line":36,"column":4},"end":{"line":36,"column":55}},"20":{"start":{"line":38,"column":4},"end":{"line":38,"column":48}},"21":{"start":{"line":26,"column":0},"end":{"line":26,"column":7}}},"fnMap":{"0":{"name":"getTicketTypes","decl":{"start":{"line":6,"column":22},"end":{"line":6,"column":36}},"loc":{"start":{"line":6,"column":77},"end":{"line":13,"column":1}}},"1":{"name":"getTickets","decl":{"start":{"line":15,"column":22},"end":{"line":15,"column":32}},"loc":{"start":{"line":15,"column":73},"end":{"line":24,"column":1}}},"2":{"name":"createTicket","decl":{"start":{"line":26,"column":22},"end":{"line":26,"column":34}},"loc":{"start":{"line":26,"column":75},"end":{"line":40,"column":1}}}},"branchMap":{"0":{"loc":{"start":{"line":30,"column":2},"end":{"line":32,"column":null}},"type":"if","locations":[{"start":{"line":30,"column":2},"end":{"line":32,"column":null}}]}},"s":{"0":11,"1":11,"2":2,"3":2,"4":2,"5":0,"6":11,"7":3,"8":3,"9":3,"10":1,"11":2,"12":11,"13":3,"14":3,"15":3,"16":0,"17":3,"18":3,"19":2,"20":1,"21":11},"f":{"0":2,"1":3,"2":3},"b":{"0":[0]}}
,"/Users/yokuny/Documents/GitHub/driven.t/src/controllers/users-controller.ts": {"path":"/Users/yokuny/Documents/GitHub/driven.t/src/controllers/users-controller.ts","statementMap":{"0":{"start":{"line":2,"column":0},"end":{"line":2,"column":37}},"1":{"start":{"line":3,"column":0},"end":{"line":3,"column":51}},"2":{"start":{"line":6,"column":30},"end":{"line":6,"column":38}},"3":{"start":{"line":8,"column":2},"end":{"line":19,"column":null}},"4":{"start":{"line":9,"column":17},"end":{"line":9,"column":66}},"5":{"start":{"line":10,"column":4},"end":{"line":13,"column":7}},"6":{"start":{"line":15,"column":4},"end":{"line":17,"column":null}},"7":{"start":{"line":16,"column":6},"end":{"line":16,"column":57}},"8":{"start":{"line":18,"column":4},"end":{"line":18,"column":58}},"9":{"start":{"line":5,"column":0},"end":{"line":5,"column":7}}},"fnMap":{"0":{"name":"usersPost","decl":{"start":{"line":5,"column":22},"end":{"line":5,"column":31}},"loc":{"start":{"line":5,"column":59},"end":{"line":20,"column":1}}}},"branchMap":{"0":{"loc":{"start":{"line":15,"column":4},"end":{"line":17,"column":null}},"type":"if","locations":[{"start":{"line":15,"column":4},"end":{"line":17,"column":null}}]}},"s":{"0":11,"1":11,"2":6,"3":6,"4":6,"5":3,"6":3,"7":1,"8":2,"9":11},"f":{"0":6},"b":{"0":[1]}}
,"/Users/yokuny/Documents/GitHub/driven.t/src/errors/cannot-enroll-before-start-date-error.ts": {"path":"/Users/yokuny/Documents/GitHub/driven.t/src/errors/cannot-enroll-before-start-date-error.ts","statementMap":{"0":{"start":{"line":4,"column":2},"end":{"line":7,"column":4}},"1":{"start":{"line":3,"column":0},"end":{"line":3,"column":16}}},"fnMap":{"0":{"name":"cannotEnrollBeforeStartDateError","decl":{"start":{"line":3,"column":16},"end":{"line":3,"column":48}},"loc":{"start":{"line":3,"column":48},"end":{"line":8,"column":1}}}},"branchMap":{},"s":{"0":2,"1":11},"f":{"0":2},"b":{}}
,"/Users/yokuny/Documents/GitHub/driven.t/src/errors/cannot-list-hotels-error.ts": {"path":"/Users/yokuny/Documents/GitHub/driven.t/src/errors/cannot-list-hotels-error.ts","statementMap":{"0":{"start":{"line":4,"column":2},"end":{"line":7,"column":4}},"1":{"start":{"line":3,"column":0},"end":{"line":3,"column":16}}},"fnMap":{"0":{"name":"cannotListHotelsError","decl":{"start":{"line":3,"column":16},"end":{"line":3,"column":37}},"loc":{"start":{"line":3,"column":37},"end":{"line":8,"column":1}}}},"branchMap":{},"s":{"0":0,"1":0},"f":{"0":0},"b":{}}
,"/Users/yokuny/Documents/GitHub/driven.t/src/errors/conflict-error.ts": {"path":"/Users/yokuny/Documents/GitHub/driven.t/src/errors/conflict-error.ts","statementMap":{"0":{"start":{"line":4,"column":2},"end":{"line":7,"column":4}},"1":{"start":{"line":3,"column":0},"end":{"line":3,"column":16}}},"fnMap":{"0":{"name":"conflictError","decl":{"start":{"line":3,"column":16},"end":{"line":3,"column":29}},"loc":{"start":{"line":3,"column":45},"end":{"line":8,"column":1}}}},"branchMap":{},"s":{"0":0,"1":11},"f":{"0":0},"b":{}}
,"/Users/yokuny/Documents/GitHub/driven.t/src/errors/index.ts": {"path":"/Users/yokuny/Documents/GitHub/driven.t/src/errors/index.ts","statementMap":{"0":{"start":{"line":1,"column":0},"end":{"line":1,"column":56}},"1":{"start":{"line":2,"column":0},"end":{"line":2,"column":33}},"2":{"start":{"line":3,"column":0},"end":{"line":3,"column":37}},"3":{"start":{"line":4,"column":0},"end":{"line":4,"column":38}},"4":{"start":{"line":5,"column":0},"end":{"line":5,"column":34}},"5":{"start":{"line":6,"column":0},"end":{"line":6,"column":37}},"6":{"start":{"line":7,"column":0},"end":{"line":7,"column":32}}},"fnMap":{},"branchMap":{},"s":{"0":11,"1":11,"2":11,"3":11,"4":11,"5":11,"6":11},"f":{},"b":{}}
,"/Users/yokuny/Documents/GitHub/driven.t/src/errors/invalid-data-error.ts": {"path":"/Users/yokuny/Documents/GitHub/driven.t/src/errors/invalid-data-error.ts","statementMap":{"0":{"start":{"line":4,"column":2},"end":{"line":8,"column":4}},"1":{"start":{"line":3,"column":0},"end":{"line":3,"column":16}}},"fnMap":{"0":{"name":"invalidDataError","decl":{"start":{"line":3,"column":16},"end":{"line":3,"column":32}},"loc":{"start":{"line":3,"column":50},"end":{"line":9,"column":1}}}},"branchMap":{},"s":{"0":8,"1":11},"f":{"0":8},"b":{}}
,"/Users/yokuny/Documents/GitHub/driven.t/src/errors/invalid-email-error.ts": {"path":"/Users/yokuny/Documents/GitHub/driven.t/src/errors/invalid-email-error.ts","statementMap":{"0":{"start":{"line":4,"column":2},"end":{"line":8,"column":4}},"1":{"start":{"line":3,"column":0},"end":{"line":3,"column":16}}},"fnMap":{"0":{"name":"invalidEmailError","decl":{"start":{"line":3,"column":16},"end":{"line":3,"column":33}},"loc":{"start":{"line":3,"column":47},"end":{"line":9,"column":1}}}},"branchMap":{},"s":{"0":0,"1":11},"f":{"0":0},"b":{}}
,"/Users/yokuny/Documents/GitHub/driven.t/src/errors/not-found-error.ts": {"path":"/Users/yokuny/Documents/GitHub/driven.t/src/errors/not-found-error.ts","statementMap":{"0":{"start":{"line":4,"column":2},"end":{"line":7,"column":4}},"1":{"start":{"line":3,"column":0},"end":{"line":3,"column":16}}},"fnMap":{"0":{"name":"notFoundError","decl":{"start":{"line":3,"column":16},"end":{"line":3,"column":29}},"loc":{"start":{"line":3,"column":29},"end":{"line":8,"column":1}}}},"branchMap":{},"s":{"0":15,"1":11},"f":{"0":15},"b":{}}
,"/Users/yokuny/Documents/GitHub/driven.t/src/errors/request-error.ts": {"path":"/Users/yokuny/Documents/GitHub/driven.t/src/errors/request-error.ts","statementMap":{"0":{"start":{"line":4,"column":2},"end":{"line":10,"column":4}},"1":{"start":{"line":3,"column":0},"end":{"line":3,"column":16}}},"fnMap":{"0":{"name":"requestError","decl":{"start":{"line":3,"column":16},"end":{"line":3,"column":28}},"loc":{"start":{"line":3,"column":63},"end":{"line":11,"column":1}}}},"branchMap":{},"s":{"0":1,"1":11},"f":{"0":1},"b":{}}
,"/Users/yokuny/Documents/GitHub/driven.t/src/errors/unauthorized-error.ts": {"path":"/Users/yokuny/Documents/GitHub/driven.t/src/errors/unauthorized-error.ts","statementMap":{"0":{"start":{"line":4,"column":2},"end":{"line":7,"column":4}},"1":{"start":{"line":3,"column":0},"end":{"line":3,"column":16}}},"fnMap":{"0":{"name":"unauthorizedError","decl":{"start":{"line":3,"column":16},"end":{"line":3,"column":33}},"loc":{"start":{"line":3,"column":33},"end":{"line":8,"column":1}}}},"branchMap":{},"s":{"0":28,"1":11},"f":{"0":28},"b":{}}
,"/Users/yokuny/Documents/GitHub/driven.t/src/middlewares/authentication-middleware.ts": {"path":"/Users/yokuny/Documents/GitHub/driven.t/src/middlewares/authentication-middleware.ts","statementMap":{"0":{"start":{"line":2,"column":0},"end":{"line":2,"column":37}},"1":{"start":{"line":3,"column":0},"end":{"line":3,"column":36}},"2":{"start":{"line":5,"column":0},"end":{"line":5,"column":45}},"3":{"start":{"line":6,"column":0},"end":{"line":6,"column":34}},"4":{"start":{"line":10,"column":21},"end":{"line":10,"column":48}},"5":{"start":{"line":11,"column":2},"end":{"line":11,"column":60}},"6":{"start":{"line":11,"column":19},"end":{"line":11,"column":60}},"7":{"start":{"line":13,"column":16},"end":{"line":13,"column":40}},"8":{"start":{"line":14,"column":2},"end":{"line":14,"column":55}},"9":{"start":{"line":14,"column":14},"end":{"line":14,"column":55}},"10":{"start":{"line":16,"column":2},"end":{"line":31,"column":null}},"11":{"start":{"line":17,"column":23},"end":{"line":17,"column":78}},"12":{"start":{"line":19,"column":20},"end":{"line":23,"column":6}},"13":{"start":{"line":24,"column":4},"end":{"line":24,"column":59}},"14":{"start":{"line":24,"column":18},"end":{"line":24,"column":59}},"15":{"start":{"line":26,"column":4},"end":{"line":26,"column":24}},"16":{"start":{"line":28,"column":4},"end":{"line":28,"column":18}},"17":{"start":{"line":30,"column":4},"end":{"line":30,"column":45}},"18":{"start":{"line":9,"column":0},"end":{"line":9,"column":7}},"19":{"start":{"line":35,"column":2},"end":{"line":35,"column":64}}},"fnMap":{"0":{"name":"authenticateToken","decl":{"start":{"line":9,"column":22},"end":{"line":9,"column":39}},"loc":{"start":{"line":9,"column":100},"end":{"line":32,"column":1}}},"1":{"name":"generateUnauthorizedResponse","decl":{"start":{"line":34,"column":9},"end":{"line":34,"column":37}},"loc":{"start":{"line":34,"column":51},"end":{"line":36,"column":1}}}},"branchMap":{"0":{"loc":{"start":{"line":11,"column":2},"end":{"line":11,"column":60}},"type":"if","locations":[{"start":{"line":11,"column":2},"end":{"line":11,"column":60}}]},"1":{"loc":{"start":{"line":14,"column":2},"end":{"line":14,"column":55}},"type":"if","locations":[{"start":{"line":14,"column":2},"end":{"line":14,"column":55}}]},"2":{"loc":{"start":{"line":24,"column":4},"end":{"line":24,"column":59}},"type":"if","locations":[{"start":{"line":24,"column":4},"end":{"line":24,"column":59}}]}},"s":{"0":11,"1":11,"2":11,"3":11,"4":77,"5":77,"6":12,"7":65,"8":65,"9":0,"10":65,"11":65,"12":58,"13":58,"14":7,"15":51,"16":51,"17":7,"18":11,"19":26},"f":{"0":77,"1":26},"b":{"0":[12],"1":[0],"2":[7]}}
,"/Users/yokuny/Documents/GitHub/driven.t/src/middlewares/error-handling-middleware.ts": {"path":"/Users/yokuny/Documents/GitHub/driven.t/src/middlewares/error-handling-middleware.ts","statementMap":{"0":{"start":{"line":2,"column":0},"end":{"line":2,"column":37}},"1":{"start":{"line":11,"column":2},"end":{"line":15,"column":null}},"2":{"start":{"line":12,"column":4},"end":{"line":14,"column":7}},"3":{"start":{"line":17,"column":2},"end":{"line":21,"column":null}},"4":{"start":{"line":18,"column":4},"end":{"line":20,"column":7}},"5":{"start":{"line":23,"column":2},"end":{"line":27,"column":null}},"6":{"start":{"line":24,"column":4},"end":{"line":26,"column":7}},"7":{"start":{"line":29,"column":2},"end":{"line":33,"column":null}},"8":{"start":{"line":30,"column":4},"end":{"line":32,"column":7}},"9":{"start":{"line":35,"column":2},"end":{"line":39,"column":null}},"10":{"start":{"line":36,"column":4},"end":{"line":38,"column":7}},"11":{"start":{"line":42,"column":2},"end":{"line":42,"column":26}},"12":{"start":{"line":43,"column":2},"end":{"line":46,"column":5}},"13":{"start":{"line":5,"column":0},"end":{"line":5,"column":16}}},"fnMap":{"0":{"name":"handleApplicationErrors","decl":{"start":{"line":5,"column":16},"end":{"line":5,"column":39}},"loc":{"start":{"line":9,"column":21},"end":{"line":47,"column":1}}}},"branchMap":{"0":{"loc":{"start":{"line":11,"column":2},"end":{"line":15,"column":null}},"type":"if","locations":[{"start":{"line":11,"column":2},"end":{"line":15,"column":null}}]},"1":{"loc":{"start":{"line":17,"column":2},"end":{"line":21,"column":null}},"type":"if","locations":[{"start":{"line":17,"column":2},"end":{"line":21,"column":null}}]},"2":{"loc":{"start":{"line":17,"column":6},"end":{"line":17,"column":73}},"type":"binary-expr","locations":[{"start":{"line":17,"column":6},"end":{"line":17,"column":34}},{"start":{"line":17,"column":38},"end":{"line":17,"column":73}}]},"3":{"loc":{"start":{"line":23,"column":2},"end":{"line":27,"column":null}},"type":"if","locations":[{"start":{"line":23,"column":2},"end":{"line":27,"column":null}}]},"4":{"loc":{"start":{"line":29,"column":2},"end":{"line":33,"column":null}},"type":"if","locations":[{"start":{"line":29,"column":2},"end":{"line":33,"column":null}}]},"5":{"loc":{"start":{"line":35,"column":2},"end":{"line":39,"column":null}},"type":"if","locations":[{"start":{"line":35,"column":2},"end":{"line":39,"column":null}}]}},"s":{"0":11,"1":0,"2":0,"3":0,"4":0,"5":0,"6":0,"7":0,"8":0,"9":0,"10":0,"11":0,"12":0,"13":11},"f":{"0":0},"b":{"0":[0],"1":[0],"2":[0,0],"3":[0],"4":[0],"5":[0]}}
,"/Users/yokuny/Documents/GitHub/driven.t/src/middlewares/index.ts": {"path":"/Users/yokuny/Documents/GitHub/driven.t/src/middlewares/index.ts","statementMap":{"0":{"start":{"line":1,"column":0},"end":{"line":1,"column":44}},"1":{"start":{"line":2,"column":0},"end":{"line":2,"column":40}},"2":{"start":{"line":3,"column":0},"end":{"line":3,"column":44}}},"fnMap":{},"branchMap":{},"s":{"0":11,"1":11,"2":11},"f":{},"b":{}}
,"/Users/yokuny/Documents/GitHub/driven.t/src/middlewares/validation-middleware.ts": {"path":"/Users/yokuny/Documents/GitHub/driven.t/src/middlewares/validation-middleware.ts","statementMap":{"0":{"start":{"line":2,"column":0},"end":{"line":2,"column":37}},"1":{"start":{"line":4,"column":0},"end":{"line":4,"column":44}},"2":{"start":{"line":7,"column":2},"end":{"line":7,"column":34}},"3":{"start":{"line":6,"column":0},"end":{"line":6,"column":16}},"4":{"start":{"line":11,"column":2},"end":{"line":11,"column":36}},"5":{"start":{"line":10,"column":0},"end":{"line":10,"column":16}},"6":{"start":{"line":15,"column":2},"end":{"line":25,"column":4}},"7":{"start":{"line":16,"column":22},"end":{"line":18,"column":6}},"8":{"start":{"line":20,"column":4},"end":{"line":24,"column":null}},"9":{"start":{"line":21,"column":6},"end":{"line":21,"column":13}},"10":{"start":{"line":23,"column":6},"end":{"line":23,"column":101}},"11":{"start":{"line":23,"column":88},"end":{"line":23,"column":97}}},"fnMap":{"0":{"name":"validateBody","decl":{"start":{"line":6,"column":16},"end":{"line":6,"column":28}},"loc":{"start":{"line":6,"column":55},"end":{"line":8,"column":1}}},"1":{"name":"validateParams","decl":{"start":{"line":10,"column":16},"end":{"line":10,"column":30}},"loc":{"start":{"line":10,"column":57},"end":{"line":12,"column":1}}},"2":{"name":"validate","decl":{"start":{"line":14,"column":9},"end":{"line":14,"column":17}},"loc":{"start":{"line":14,"column":63},"end":{"line":26,"column":1}}},"3":{"name":"(anonymous_4)","decl":{"start":{"line":15,"column":9},"end":{"line":15,"column":10}},"loc":{"start":{"line":15,"column":61},"end":{"line":25,"column":3}}},"4":{"name":"(anonymous_5)","decl":{"start":{"line":23,"column":81},"end":{"line":23,"column":82}},"loc":{"start":{"line":23,"column":88},"end":{"line":23,"column":97}}}},"branchMap":{"0":{"loc":{"start":{"line":20,"column":4},"end":{"line":24,"column":null}},"type":"if","locations":[{"start":{"line":20,"column":4},"end":{"line":24,"column":null}},{"start":{"line":22,"column":11},"end":{"line":24,"column":null}}]}},"s":{"0":11,"1":11,"2":66,"3":11,"4":0,"5":11,"6":66,"7":33,"8":33,"9":25,"10":8,"11":24},"f":{"0":66,"1":0,"2":66,"3":33,"4":24},"b":{"0":[25,8]}}
,"/Users/yokuny/Documents/GitHub/driven.t/src/repositories/address-repository/index.ts": {"path":"/Users/yokuny/Documents/GitHub/driven.t/src/repositories/address-repository/index.ts","statementMap":{"0":{"start":{"line":2,"column":0},"end":{"line":2,"column":34}},"1":{"start":{"line":10,"column":2},"end":{"line":19,"column":5}},"2":{"start":{"line":22,"column":26},"end":{"line":24,"column":2}},"3":{"start":{"line":26,"column":0},"end":{"line":26,"column":33}}},"fnMap":{"0":{"name":"upsert","decl":{"start":{"line":5,"column":15},"end":{"line":5,"column":21}},"loc":{"start":{"line":8,"column":37},"end":{"line":20,"column":1}}}},"branchMap":{},"s":{"0":11,"1":2,"2":11,"3":11},"f":{"0":2},"b":{}}
,"/Users/yokuny/Documents/GitHub/driven.t/src/repositories/booking-repository/index.ts": {"path":"/Users/yokuny/Documents/GitHub/driven.t/src/repositories/booking-repository/index.ts","statementMap":{"0":{"start":{"line":1,"column":0},"end":{"line":1,"column":34}},"1":{"start":{"line":3,"column":24},"end":{"line":8,"column":1}},"2":{"start":{"line":4,"column":2},"end":{"line":7,"column":5}},"3":{"start":{"line":11,"column":2},"end":{"line":13,"column":5}},"4":{"start":{"line":17,"column":2},"end":{"line":23,"column":5}},"5":{"start":{"line":27,"column":2},"end":{"line":30,"column":5}},"6":{"start":{"line":34,"column":2},"end":{"line":36,"column":5}},"7":{"start":{"line":39,"column":26},"end":{"line":45,"column":2}},"8":{"start":{"line":47,"column":0},"end":{"line":47,"column":33}}},"fnMap":{"0":{"name":"(anonymous_0)","decl":{"start":{"line":3,"column":24},"end":{"line":3,"column":29}},"loc":{"start":{"line":3,"column":45},"end":{"line":8,"column":1}}},"1":{"name":"roomSpace","decl":{"start":{"line":10,"column":15},"end":{"line":10,"column":24}},"loc":{"start":{"line":10,"column":35},"end":{"line":14,"column":1}}},"2":{"name":"makeReservation","decl":{"start":{"line":16,"column":15},"end":{"line":16,"column":30}},"loc":{"start":{"line":16,"column":61},"end":{"line":24,"column":1}}},"3":{"name":"editReservation","decl":{"start":{"line":26,"column":15},"end":{"line":26,"column":30}},"loc":{"start":{"line":26,"column":60},"end":{"line":31,"column":1}}},"4":{"name":"findReservation","decl":{"start":{"line":33,"column":15},"end":{"line":33,"column":30}},"loc":{"start":{"line":33,"column":41},"end":{"line":37,"column":1}}}},"branchMap":{},"s":{"0":11,"1":11,"2":8,"3":1,"4":1,"5":0,"6":0,"7":11,"8":11},"f":{"0":8,"1":1,"2":1,"3":0,"4":0},"b":{}}
,"/Users/yokuny/Documents/GitHub/driven.t/src/repositories/enrollment-repository/index.ts": {"path":"/Users/yokuny/Documents/GitHub/driven.t/src/repositories/enrollment-repository/index.ts","statementMap":{"0":{"start":{"line":2,"column":0},"end":{"line":2,"column":34}},"1":{"start":{"line":6,"column":2},"end":{"line":11,"column":5}},"2":{"start":{"line":19,"column":2},"end":{"line":25,"column":5}},"3":{"start":{"line":29,"column":2},"end":{"line":31,"column":5}},"4":{"start":{"line":34,"column":29},"end":{"line":38,"column":2}},"5":{"start":{"line":40,"column":0},"end":{"line":40,"column":36}}},"fnMap":{"0":{"name":"findWithAddressByUserId","decl":{"start":{"line":5,"column":15},"end":{"line":5,"column":38}},"loc":{"start":{"line":5,"column":53},"end":{"line":12,"column":1}}},"1":{"name":"upsert","decl":{"start":{"line":14,"column":15},"end":{"line":14,"column":21}},"loc":{"start":{"line":17,"column":43},"end":{"line":26,"column":1}}},"2":{"name":"findById","decl":{"start":{"line":28,"column":15},"end":{"line":28,"column":23}},"loc":{"start":{"line":28,"column":44},"end":{"line":32,"column":1}}}},"branchMap":{},"s":{"0":11,"1":44,"2":2,"3":6,"4":11,"5":11},"f":{"0":44,"1":2,"2":6},"b":{}}
,"/Users/yokuny/Documents/GitHub/driven.t/src/repositories/event-repository/index.ts": {"path":"/Users/yokuny/Documents/GitHub/driven.t/src/repositories/event-repository/index.ts","statementMap":{"0":{"start":{"line":2,"column":0},"end":{"line":2,"column":34}},"1":{"start":{"line":5,"column":2},"end":{"line":5,"column":34}},"2":{"start":{"line":8,"column":24},"end":{"line":10,"column":2}},"3":{"start":{"line":12,"column":0},"end":{"line":12,"column":31}}},"fnMap":{"0":{"name":"findFirst","decl":{"start":{"line":4,"column":15},"end":{"line":4,"column":24}},"loc":{"start":{"line":4,"column":24},"end":{"line":6,"column":1}}}},"branchMap":{},"s":{"0":11,"1":11,"2":11,"3":11},"f":{"0":11},"b":{}}
,"/Users/yokuny/Documents/GitHub/driven.t/src/repositories/hotel-repository/index.ts": {"path":"/Users/yokuny/Documents/GitHub/driven.t/src/repositories/hotel-repository/index.ts","statementMap":{"0":{"start":{"line":1,"column":0},"end":{"line":1,"column":34}},"1":{"start":{"line":4,"column":2},"end":{"line":4,"column":33}},"2":{"start":{"line":8,"column":2},"end":{"line":15,"column":5}},"3":{"start":{"line":18,"column":24},"end":{"line":21,"column":2}},"4":{"start":{"line":23,"column":0},"end":{"line":23,"column":31}}},"fnMap":{"0":{"name":"findHotels","decl":{"start":{"line":3,"column":15},"end":{"line":3,"column":25}},"loc":{"start":{"line":3,"column":25},"end":{"line":5,"column":1}}},"1":{"name":"findRoomsByHotelId","decl":{"start":{"line":7,"column":15},"end":{"line":7,"column":33}},"loc":{"start":{"line":7,"column":49},"end":{"line":16,"column":1}}}},"branchMap":{},"s":{"0":0,"1":0,"2":0,"3":0,"4":0},"f":{"0":0,"1":0},"b":{}}
,"/Users/yokuny/Documents/GitHub/driven.t/src/repositories/hotels-repository/index.ts": {"path":"/Users/yokuny/Documents/GitHub/driven.t/src/repositories/hotels-repository/index.ts","statementMap":{"0":{"start":{"line":2,"column":0},"end":{"line":2,"column":34}},"1":{"start":{"line":5,"column":2},"end":{"line":5,"column":33}},"2":{"start":{"line":9,"column":2},"end":{"line":16,"column":5}},"3":{"start":{"line":19,"column":25},"end":{"line":22,"column":2}},"4":{"start":{"line":24,"column":0},"end":{"line":24,"column":32}}},"fnMap":{"0":{"name":"getAllHotels","decl":{"start":{"line":4,"column":9},"end":{"line":4,"column":21}},"loc":{"start":{"line":4,"column":21},"end":{"line":6,"column":1}}},"1":{"name":"getHotelRooms","decl":{"start":{"line":8,"column":9},"end":{"line":8,"column":22}},"loc":{"start":{"line":8,"column":33},"end":{"line":17,"column":1}}}},"branchMap":{},"s":{"0":11,"1":2,"2":1,"3":11,"4":11},"f":{"0":2,"1":1},"b":{}}
,"/Users/yokuny/Documents/GitHub/driven.t/src/repositories/payments-repository/index.ts": {"path":"/Users/yokuny/Documents/GitHub/driven.t/src/repositories/payments-repository/index.ts","statementMap":{"0":{"start":{"line":1,"column":0},"end":{"line":1,"column":34}},"1":{"start":{"line":5,"column":2},"end":{"line":9,"column":5}},"2":{"start":{"line":13,"column":2},"end":{"line":18,"column":5}},"3":{"start":{"line":21,"column":0},"end":{"line":21,"column":56}}},"fnMap":{"0":{"name":"findPaymentByTicketId","decl":{"start":{"line":4,"column":15},"end":{"line":4,"column":36}},"loc":{"start":{"line":4,"column":53},"end":{"line":10,"column":1}}},"1":{"name":"createPayment","decl":{"start":{"line":12,"column":15},"end":{"line":12,"column":28}},"loc":{"start":{"line":12,"column":68},"end":{"line":19,"column":1}}}},"branchMap":{},"s":{"0":11,"1":1,"2":3,"3":11},"f":{"0":1,"1":3},"b":{}}
,"/Users/yokuny/Documents/GitHub/driven.t/src/repositories/rooms-repository/index.ts": {"path":"/Users/yokuny/Documents/GitHub/driven.t/src/repositories/rooms-repository/index.ts","statementMap":{"0":{"start":{"line":1,"column":0},"end":{"line":1,"column":34}},"1":{"start":{"line":3,"column":16},"end":{"line":7,"column":1}},"2":{"start":{"line":4,"column":2},"end":{"line":6,"column":5}},"3":{"start":{"line":9,"column":19},"end":{"line":15,"column":1}},"4":{"start":{"line":10,"column":2},"end":{"line":14,"column":5}},"5":{"start":{"line":17,"column":23},"end":{"line":20,"column":2}},"6":{"start":{"line":21,"column":0},"end":{"line":21,"column":30}}},"fnMap":{"0":{"name":"(anonymous_0)","decl":{"start":{"line":3,"column":16},"end":{"line":3,"column":17}},"loc":{"start":{"line":3,"column":31},"end":{"line":7,"column":1}}},"1":{"name":"(anonymous_1)","decl":{"start":{"line":9,"column":19},"end":{"line":9,"column":20}},"loc":{"start":{"line":9,"column":34},"end":{"line":15,"column":1}}}},"branchMap":{},"s":{"0":11,"1":11,"2":1,"3":11,"4":0,"5":11,"6":11},"f":{"0":1,"1":0},"b":{}}
,"/Users/yokuny/Documents/GitHub/driven.t/src/repositories/session-repository/index.ts": {"path":"/Users/yokuny/Documents/GitHub/driven.t/src/repositories/session-repository/index.ts","statementMap":{"0":{"start":{"line":2,"column":0},"end":{"line":2,"column":34}},"1":{"start":{"line":5,"column":2},"end":{"line":7,"column":5}},"2":{"start":{"line":10,"column":26},"end":{"line":12,"column":2}},"3":{"start":{"line":14,"column":0},"end":{"line":14,"column":33}}},"fnMap":{"0":{"name":"create","decl":{"start":{"line":4,"column":15},"end":{"line":4,"column":21}},"loc":{"start":{"line":4,"column":62},"end":{"line":8,"column":1}}}},"branchMap":{},"s":{"0":11,"1":5,"2":11,"3":11},"f":{"0":5},"b":{}}
,"/Users/yokuny/Documents/GitHub/driven.t/src/repositories/tickets-repository/index.ts": {"path":"/Users/yokuny/Documents/GitHub/driven.t/src/repositories/tickets-repository/index.ts","statementMap":{"0":{"start":{"line":1,"column":0},"end":{"line":1,"column":66}},"1":{"start":{"line":2,"column":0},"end":{"line":2,"column":34}},"2":{"start":{"line":6,"column":2},"end":{"line":6,"column":38}},"3":{"start":{"line":10,"column":2},"end":{"line":15,"column":5}},"4":{"start":{"line":19,"column":2},"end":{"line":21,"column":5}},"5":{"start":{"line":25,"column":2},"end":{"line":32,"column":5}},"6":{"start":{"line":36,"column":2},"end":{"line":43,"column":5}},"7":{"start":{"line":47,"column":2},"end":{"line":54,"column":5}},"8":{"start":{"line":57,"column":0},"end":{"line":64,"column":2}}},"fnMap":{"0":{"name":"findTicketTypes","decl":{"start":{"line":5,"column":15},"end":{"line":5,"column":30}},"loc":{"start":{"line":5,"column":30},"end":{"line":7,"column":1}}},"1":{"name":"findTicketByEnrollmentId","decl":{"start":{"line":9,"column":15},"end":{"line":9,"column":39}},"loc":{"start":{"line":9,"column":60},"end":{"line":16,"column":1}}},"2":{"name":"createTicket","decl":{"start":{"line":18,"column":15},"end":{"line":18,"column":27}},"loc":{"start":{"line":18,"column":54},"end":{"line":22,"column":1}}},"3":{"name":"findTickeyById","decl":{"start":{"line":24,"column":15},"end":{"line":24,"column":29}},"loc":{"start":{"line":24,"column":46},"end":{"line":33,"column":1}}},"4":{"name":"findTickeWithTypeById","decl":{"start":{"line":35,"column":15},"end":{"line":35,"column":36}},"loc":{"start":{"line":35,"column":53},"end":{"line":44,"column":1}}},"5":{"name":"ticketProcessPayment","decl":{"start":{"line":46,"column":15},"end":{"line":46,"column":35}},"loc":{"start":{"line":46,"column":52},"end":{"line":55,"column":1}}}},"branchMap":{},"s":{"0":11,"1":11,"2":2,"3":25,"4":2,"5":8,"6":3,"7":3,"8":11},"f":{"0":2,"1":25,"2":2,"3":8,"4":3,"5":3},"b":{}}
,"/Users/yokuny/Documents/GitHub/driven.t/src/repositories/user-repository/index.ts": {"path":"/Users/yokuny/Documents/GitHub/driven.t/src/repositories/user-repository/index.ts","statementMap":{"0":{"start":{"line":2,"column":0},"end":{"line":2,"column":34}},"1":{"start":{"line":5,"column":44},"end":{"line":9,"column":4}},"2":{"start":{"line":11,"column":2},"end":{"line":11,"column":37}},"3":{"start":{"line":11,"column":14},"end":{"line":11,"column":37}},"4":{"start":{"line":13,"column":2},"end":{"line":13,"column":40}},"5":{"start":{"line":17,"column":2},"end":{"line":19,"column":5}},"6":{"start":{"line":22,"column":23},"end":{"line":25,"column":2}},"7":{"start":{"line":27,"column":0},"end":{"line":27,"column":30}}},"fnMap":{"0":{"name":"findByEmail","decl":{"start":{"line":4,"column":15},"end":{"line":4,"column":26}},"loc":{"start":{"line":4,"column":68},"end":{"line":14,"column":1}}},"1":{"name":"create","decl":{"start":{"line":16,"column":15},"end":{"line":16,"column":21}},"loc":{"start":{"line":16,"column":59},"end":{"line":20,"column":1}}}},"branchMap":{"0":{"loc":{"start":{"line":11,"column":2},"end":{"line":11,"column":37}},"type":"if","locations":[{"start":{"line":11,"column":2},"end":{"line":11,"column":37}}]}},"s":{"0":11,"1":16,"2":16,"3":9,"4":16,"5":5,"6":11,"7":11},"f":{"0":16,"1":5},"b":{"0":[9]}}
,"/Users/yokuny/Documents/GitHub/driven.t/src/routers/authentication-router.ts": {"path":"/Users/yokuny/Documents/GitHub/driven.t/src/routers/authentication-router.ts","statementMap":{"0":{"start":{"line":1,"column":0},"end":{"line":1,"column":33}},"1":{"start":{"line":2,"column":0},"end":{"line":2,"column":43}},"2":{"start":{"line":3,"column":0},"end":{"line":3,"column":45}},"3":{"start":{"line":4,"column":0},"end":{"line":4,"column":41}},"4":{"start":{"line":6,"column":29},"end":{"line":6,"column":37}},"5":{"start":{"line":10,"column":9},"end":{"line":10,"column":29}},"6":{"start":{"line":8,"column":0},"end":{"line":8,"column":78}}},"fnMap":{},"branchMap":{},"s":{"0":11,"1":11,"2":11,"3":11,"4":11,"5":11,"6":11},"f":{},"b":{}}
,"/Users/yokuny/Documents/GitHub/driven.t/src/routers/booking-router.ts": {"path":"/Users/yokuny/Documents/GitHub/driven.t/src/routers/booking-router.ts","statementMap":{"0":{"start":{"line":1,"column":0},"end":{"line":1,"column":33}},"1":{"start":{"line":2,"column":0},"end":{"line":2,"column":64}},"2":{"start":{"line":3,"column":0},"end":{"line":3,"column":91}},"3":{"start":{"line":4,"column":0},"end":{"line":4,"column":39}},"4":{"start":{"line":6,"column":22},"end":{"line":6,"column":30}},"5":{"start":{"line":14,"column":9},"end":{"line":14,"column":22}},"6":{"start":{"line":8,"column":0},"end":{"line":12,"column":63}}},"fnMap":{},"branchMap":{},"s":{"0":11,"1":11,"2":11,"3":11,"4":11,"5":11,"6":11},"f":{},"b":{}}
,"/Users/yokuny/Documents/GitHub/driven.t/src/routers/enrollments-router.ts": {"path":"/Users/yokuny/Documents/GitHub/driven.t/src/routers/enrollments-router.ts","statementMap":{"0":{"start":{"line":1,"column":0},"end":{"line":1,"column":33}},"1":{"start":{"line":2,"column":0},"end":{"line":2,"column":64}},"2":{"start":{"line":3,"column":0},"end":{"line":3,"column":101}},"3":{"start":{"line":4,"column":0},"end":{"line":4,"column":51}},"4":{"start":{"line":6,"column":26},"end":{"line":6,"column":34}},"5":{"start":{"line":14,"column":9},"end":{"line":14,"column":26}},"6":{"start":{"line":8,"column":0},"end":{"line":12,"column":81}}},"fnMap":{},"branchMap":{},"s":{"0":11,"1":11,"2":11,"3":11,"4":11,"5":11,"6":11},"f":{},"b":{}}
,"/Users/yokuny/Documents/GitHub/driven.t/src/routers/events-router.ts": {"path":"/Users/yokuny/Documents/GitHub/driven.t/src/routers/events-router.ts","statementMap":{"0":{"start":{"line":1,"column":0},"end":{"line":1,"column":33}},"1":{"start":{"line":2,"column":0},"end":{"line":2,"column":48}},"2":{"start":{"line":4,"column":21},"end":{"line":4,"column":29}},"3":{"start":{"line":8,"column":9},"end":{"line":8,"column":21}},"4":{"start":{"line":6,"column":0},"end":{"line":6,"column":39}}},"fnMap":{},"branchMap":{},"s":{"0":11,"1":11,"2":11,"3":11,"4":11},"f":{},"b":{}}
,"/Users/yokuny/Documents/GitHub/driven.t/src/routers/hotels-router.ts": {"path":"/Users/yokuny/Documents/GitHub/driven.t/src/routers/hotels-router.ts","statementMap":{"0":{"start":{"line":1,"column":0},"end":{"line":1,"column":33}},"1":{"start":{"line":2,"column":0},"end":{"line":2,"column":50}},"2":{"start":{"line":3,"column":0},"end":{"line":3,"column":70}},"3":{"start":{"line":5,"column":21},"end":{"line":5,"column":29}},"4":{"start":{"line":9,"column":9},"end":{"line":9,"column":21}},"5":{"start":{"line":7,"column":0},"end":{"line":7,"column":89}}},"fnMap":{},"branchMap":{},"s":{"0":11,"1":11,"2":11,"3":11,"4":11,"5":11},"f":{},"b":{}}
,"/Users/yokuny/Documents/GitHub/driven.t/src/routers/index.ts": {"path":"/Users/yokuny/Documents/GitHub/driven.t/src/routers/index.ts","statementMap":{"0":{"start":{"line":1,"column":0},"end":{"line":1,"column":31}},"1":{"start":{"line":2,"column":0},"end":{"line":2,"column":40}},"2":{"start":{"line":3,"column":0},"end":{"line":3,"column":32}},"3":{"start":{"line":4,"column":0},"end":{"line":4,"column":37}},"4":{"start":{"line":5,"column":0},"end":{"line":5,"column":33}},"5":{"start":{"line":6,"column":0},"end":{"line":6,"column":34}},"6":{"start":{"line":7,"column":0},"end":{"line":7,"column":32}},"7":{"start":{"line":8,"column":0},"end":{"line":8,"column":33}}},"fnMap":{},"branchMap":{},"s":{"0":11,"1":11,"2":11,"3":11,"4":11,"5":11,"6":11,"7":11},"f":{},"b":{}}
,"/Users/yokuny/Documents/GitHub/driven.t/src/routers/payments-router.ts": {"path":"/Users/yokuny/Documents/GitHub/driven.t/src/routers/payments-router.ts","statementMap":{"0":{"start":{"line":1,"column":0},"end":{"line":1,"column":33}},"1":{"start":{"line":2,"column":0},"end":{"line":2,"column":50}},"2":{"start":{"line":3,"column":0},"end":{"line":3,"column":69}},"3":{"start":{"line":5,"column":23},"end":{"line":5,"column":31}},"4":{"start":{"line":9,"column":9},"end":{"line":9,"column":23}},"5":{"start":{"line":7,"column":0},"end":{"line":7,"column":108}}},"fnMap":{},"branchMap":{},"s":{"0":11,"1":11,"2":11,"3":11,"4":11,"5":11},"f":{},"b":{}}
,"/Users/yokuny/Documents/GitHub/driven.t/src/routers/tickets-router.ts": {"path":"/Users/yokuny/Documents/GitHub/driven.t/src/routers/tickets-router.ts","statementMap":{"0":{"start":{"line":1,"column":0},"end":{"line":1,"column":33}},"1":{"start":{"line":2,"column":0},"end":{"line":2,"column":64}},"2":{"start":{"line":3,"column":0},"end":{"line":3,"column":73}},"3":{"start":{"line":4,"column":0},"end":{"line":4,"column":58}},"4":{"start":{"line":6,"column":22},"end":{"line":6,"column":30}},"5":{"start":{"line":14,"column":9},"end":{"line":14,"column":22}},"6":{"start":{"line":8,"column":0},"end":{"line":12,"column":56}}},"fnMap":{},"branchMap":{},"s":{"0":11,"1":11,"2":11,"3":11,"4":11,"5":11,"6":11},"f":{},"b":{}}
,"/Users/yokuny/Documents/GitHub/driven.t/src/routers/users-router.ts": {"path":"/Users/yokuny/Documents/GitHub/driven.t/src/routers/users-router.ts","statementMap":{"0":{"start":{"line":1,"column":0},"end":{"line":1,"column":33}},"1":{"start":{"line":3,"column":0},"end":{"line":3,"column":45}},"2":{"start":{"line":4,"column":0},"end":{"line":4,"column":45}},"3":{"start":{"line":5,"column":0},"end":{"line":5,"column":42}},"4":{"start":{"line":7,"column":20},"end":{"line":7,"column":28}},"5":{"start":{"line":11,"column":9},"end":{"line":11,"column":20}},"6":{"start":{"line":9,"column":0},"end":{"line":9,"column":65}}},"fnMap":{},"branchMap":{},"s":{"0":11,"1":11,"2":11,"3":11,"4":11,"5":11,"6":11},"f":{},"b":{}}
,"/Users/yokuny/Documents/GitHub/driven.t/src/schemas/authentication-schemas.ts": {"path":"/Users/yokuny/Documents/GitHub/driven.t/src/schemas/authentication-schemas.ts","statementMap":{"0":{"start":{"line":1,"column":0},"end":{"line":1,"column":22}},"1":{"start":{"line":4,"column":13},"end":{"line":7,"column":3}}},"fnMap":{},"branchMap":{},"s":{"0":14,"1":14},"f":{},"b":{}}
,"/Users/yokuny/Documents/GitHub/driven.t/src/schemas/booking-schemas.ts": {"path":"/Users/yokuny/Documents/GitHub/driven.t/src/schemas/booking-schemas.ts","statementMap":{"0":{"start":{"line":1,"column":0},"end":{"line":1,"column":22}},"1":{"start":{"line":3,"column":13},"end":{"line":5,"column":3}}},"fnMap":{},"branchMap":{},"s":{"0":14,"1":14},"f":{},"b":{}}
,"/Users/yokuny/Documents/GitHub/driven.t/src/schemas/enrollments-schemas.ts": {"path":"/Users/yokuny/Documents/GitHub/driven.t/src/schemas/enrollments-schemas.ts","statementMap":{"0":{"start":{"line":1,"column":0},"end":{"line":1,"column":105}},"1":{"start":{"line":2,"column":0},"end":{"line":2,"column":22}},"2":{"start":{"line":5,"column":28},"end":{"line":5,"column":87}},"3":{"start":{"line":7,"column":28},"end":{"line":7,"column":86}},"4":{"start":{"line":9,"column":36},"end":{"line":9,"column":108}},"5":{"start":{"line":11,"column":13},"end":{"line":28,"column":3}},"6":{"start":{"line":23,"column":39},"end":{"line":23,"column":45}},"7":{"start":{"line":31,"column":2},"end":{"line":31,"column":27}},"8":{"start":{"line":31,"column":14},"end":{"line":31,"column":27}},"9":{"start":{"line":33,"column":2},"end":{"line":35,"column":null}},"10":{"start":{"line":34,"column":4},"end":{"line":34,"column":40}},"11":{"start":{"line":37,"column":2},"end":{"line":37,"column":15}},"12":{"start":{"line":41,"column":2},"end":{"line":41,"column":27}},"13":{"start":{"line":41,"column":14},"end":{"line":41,"column":27}},"14":{"start":{"line":43,"column":2},"end":{"line":45,"column":null}},"15":{"start":{"line":44,"column":4},"end":{"line":44,"column":40}},"16":{"start":{"line":47,"column":2},"end":{"line":47,"column":15}},"17":{"start":{"line":51,"column":2},"end":{"line":51,"column":27}},"18":{"start":{"line":51,"column":14},"end":{"line":51,"column":27}},"19":{"start":{"line":53,"column":2},"end":{"line":55,"column":null}},"20":{"start":{"line":54,"column":4},"end":{"line":54,"column":40}},"21":{"start":{"line":57,"column":2},"end":{"line":57,"column":15}}},"fnMap":{"0":{"name":"(anonymous_1)","decl":{"start":{"line":23,"column":32},"end":{"line":23,"column":33}},"loc":{"start":{"line":23,"column":39},"end":{"line":23,"column":45}}},"1":{"name":"joiCpfValidation","decl":{"start":{"line":30,"column":9},"end":{"line":30,"column":25}},"loc":{"start":{"line":30,"column":75},"end":{"line":38,"column":1}}},"2":{"name":"JoiCepValidation","decl":{"start":{"line":40,"column":9},"end":{"line":40,"column":25}},"loc":{"start":{"line":40,"column":75},"end":{"line":48,"column":1}}},"3":{"name":"joiMobilePhoneValidation","decl":{"start":{"line":50,"column":9},"end":{"line":50,"column":33}},"loc":{"start":{"line":50,"column":83},"end":{"line":58,"column":1}}}},"branchMap":{"0":{"loc":{"start":{"line":31,"column":2},"end":{"line":31,"column":27}},"type":"if","locations":[{"start":{"line":31,"column":2},"end":{"line":31,"column":27}}]},"1":{"loc":{"start":{"line":33,"column":2},"end":{"line":35,"column":null}},"type":"if","locations":[{"start":{"line":33,"column":2},"end":{"line":35,"column":null}}]},"2":{"loc":{"start":{"line":41,"column":2},"end":{"line":41,"column":27}},"type":"if","locations":[{"start":{"line":41,"column":2},"end":{"line":41,"column":27}}]},"3":{"loc":{"start":{"line":43,"column":2},"end":{"line":45,"column":null}},"type":"if","locations":[{"start":{"line":43,"column":2},"end":{"line":45,"column":null}}]},"4":{"loc":{"start":{"line":51,"column":2},"end":{"line":51,"column":27}},"type":"if","locations":[{"start":{"line":51,"column":2},"end":{"line":51,"column":27}}]},"5":{"loc":{"start":{"line":53,"column":2},"end":{"line":55,"column":null}},"type":"if","locations":[{"start":{"line":53,"column":2},"end":{"line":55,"column":null}}]}},"s":{"0":14,"1":14,"2":14,"3":14,"4":14,"5":14,"6":378,"7":29,"8":0,"9":29,"10":1,"11":28,"12":19,"13":0,"14":19,"15":1,"16":18,"17":23,"18":0,"19":23,"20":0,"21":23},"f":{"0":378,"1":29,"2":19,"3":23},"b":{"0":[0],"1":[1],"2":[0],"3":[1],"4":[0],"5":[0]}}
,"/Users/yokuny/Documents/GitHub/driven.t/src/schemas/index.ts": {"path":"/Users/yokuny/Documents/GitHub/driven.t/src/schemas/index.ts","statementMap":{"0":{"start":{"line":1,"column":0},"end":{"line":1,"column":32}},"1":{"start":{"line":2,"column":0},"end":{"line":2,"column":41}},"2":{"start":{"line":3,"column":0},"end":{"line":3,"column":38}},"3":{"start":{"line":4,"column":0},"end":{"line":4,"column":34}}},"fnMap":{},"branchMap":{},"s":{"0":14,"1":14,"2":14,"3":14},"f":{},"b":{}}
,"/Users/yokuny/Documents/GitHub/driven.t/src/schemas/tickets-schemas.ts": {"path":"/Users/yokuny/Documents/GitHub/driven.t/src/schemas/tickets-schemas.ts","statementMap":{"0":{"start":{"line":1,"column":0},"end":{"line":1,"column":22}},"1":{"start":{"line":4,"column":13},"end":{"line":6,"column":3}}},"fnMap":{},"branchMap":{},"s":{"0":11,"1":11},"f":{},"b":{}}
,"/Users/yokuny/Documents/GitHub/driven.t/src/schemas/users-schemas.ts": {"path":"/Users/yokuny/Documents/GitHub/driven.t/src/schemas/users-schemas.ts","statementMap":{"0":{"start":{"line":1,"column":0},"end":{"line":1,"column":22}},"1":{"start":{"line":4,"column":13},"end":{"line":7,"column":3}}},"fnMap":{},"branchMap":{},"s":{"0":14,"1":14},"f":{},"b":{}}
,"/Users/yokuny/Documents/GitHub/driven.t/src/services/index.ts": {"path":"/Users/yokuny/Documents/GitHub/driven.t/src/services/index.ts","statementMap":{"0":{"start":{"line":1,"column":0},"end":{"line":1,"column":32}},"1":{"start":{"line":2,"column":0},"end":{"line":2,"column":41}},"2":{"start":{"line":3,"column":0},"end":{"line":3,"column":33}},"3":{"start":{"line":4,"column":0},"end":{"line":4,"column":38}}},"fnMap":{},"branchMap":{},"s":{"0":0,"1":0,"2":0,"3":0},"f":{},"b":{}}
,"/Users/yokuny/Documents/GitHub/driven.t/src/services/authentication-service/errors.ts": {"path":"/Users/yokuny/Documents/GitHub/driven.t/src/services/authentication-service/errors.ts","statementMap":{"0":{"start":{"line":4,"column":2},"end":{"line":7,"column":4}},"1":{"start":{"line":3,"column":0},"end":{"line":3,"column":16}}},"fnMap":{"0":{"name":"invalidCredentialsError","decl":{"start":{"line":3,"column":16},"end":{"line":3,"column":39}},"loc":{"start":{"line":3,"column":39},"end":{"line":8,"column":1}}}},"branchMap":{},"s":{"0":6,"1":11},"f":{"0":6},"b":{}}
,"/Users/yokuny/Documents/GitHub/driven.t/src/services/authentication-service/index.ts": {"path":"/Users/yokuny/Documents/GitHub/driven.t/src/services/authentication-service/index.ts","statementMap":{"0":{"start":{"line":1,"column":0},"end":{"line":1,"column":28}},"1":{"start":{"line":2,"column":0},"end":{"line":2,"column":31}},"2":{"start":{"line":3,"column":0},"end":{"line":3,"column":51}},"3":{"start":{"line":4,"column":0},"end":{"line":4,"column":47}},"4":{"start":{"line":5,"column":0},"end":{"line":5,"column":60}},"5":{"start":{"line":6,"column":0},"end":{"line":6,"column":66}},"6":{"start":{"line":10,"column":30},"end":{"line":10,"column":36}},"7":{"start":{"line":12,"column":15},"end":{"line":12,"column":41}},"8":{"start":{"line":14,"column":2},"end":{"line":14,"column":56}},"9":{"start":{"line":16,"column":16},"end":{"line":16,"column":44}},"10":{"start":{"line":18,"column":2},"end":{"line":21,"column":4}},"11":{"start":{"line":25,"column":15},"end":{"line":25,"column":97}},"12":{"start":{"line":26,"column":2},"end":{"line":26,"column":45}},"13":{"start":{"line":26,"column":13},"end":{"line":26,"column":45}},"14":{"start":{"line":28,"column":2},"end":{"line":28,"column":14}},"15":{"start":{"line":32,"column":16},"end":{"line":32,"column":60}},"16":{"start":{"line":33,"column":2},"end":{"line":36,"column":5}},"17":{"start":{"line":38,"column":2},"end":{"line":38,"column":15}},"18":{"start":{"line":42,"column":26},"end":{"line":42,"column":70}},"19":{"start":{"line":43,"column":2},"end":{"line":43,"column":56}},"20":{"start":{"line":43,"column":24},"end":{"line":43,"column":56}},"21":{"start":{"line":46,"column":30},"end":{"line":48,"column":2}},"22":{"start":{"line":50,"column":0},"end":{"line":50,"column":37}},"23":{"start":{"line":51,"column":0},"end":{"line":51,"column":25}}},"fnMap":{"0":{"name":"signIn","decl":{"start":{"line":9,"column":15},"end":{"line":9,"column":21}},"loc":{"start":{"line":9,"column":42},"end":{"line":22,"column":1}}},"1":{"name":"getUserOrFail","decl":{"start":{"line":24,"column":15},"end":{"line":24,"column":28}},"loc":{"start":{"line":24,"column":42},"end":{"line":29,"column":1}}},"2":{"name":"createSession","decl":{"start":{"line":31,"column":15},"end":{"line":31,"column":28}},"loc":{"start":{"line":31,"column":43},"end":{"line":39,"column":1}}},"3":{"name":"validatePasswordOrFail","decl":{"start":{"line":41,"column":15},"end":{"line":41,"column":37}},"loc":{"start":{"line":41,"column":76},"end":{"line":44,"column":1}}}},"branchMap":{"0":{"loc":{"start":{"line":26,"column":2},"end":{"line":26,"column":45}},"type":"if","locations":[{"start":{"line":26,"column":2},"end":{"line":26,"column":45}}]},"1":{"loc":{"start":{"line":43,"column":2},"end":{"line":43,"column":56}},"type":"if","locations":[{"start":{"line":43,"column":2},"end":{"line":43,"column":56}}]}},"s":{"0":11,"1":11,"2":11,"3":11,"4":11,"5":11,"6":9,"7":9,"8":7,"9":5,"10":5,"11":9,"12":9,"13":2,"14":7,"15":5,"16":5,"17":5,"18":7,"19":7,"20":2,"21":11,"22":11,"23":11},"f":{"0":9,"1":9,"2":5,"3":7},"b":{"0":[2],"1":[2]}}
,"/Users/yokuny/Documents/GitHub/driven.t/src/services/booking-service/index.ts": {"path":"/Users/yokuny/Documents/GitHub/driven.t/src/services/booking-service/index.ts","statementMap":{"0":{"start":{"line":1,"column":0},"end":{"line":1,"column":47}},"1":{"start":{"line":2,"column":0},"end":{"line":2,"column":66}},"2":{"start":{"line":3,"column":0},"end":{"line":3,"column":62}},"3":{"start":{"line":4,"column":0},"end":{"line":4,"column":41}},"4":{"start":{"line":6,"column":24},"end":{"line":14,"column":1}},"5":{"start":{"line":7,"column":22},"end":{"line":7,"column":65}},"6":{"start":{"line":8,"column":2},"end":{"line":8,"column":42}},"7":{"start":{"line":8,"column":20},"end":{"line":8,"column":42}},"8":{"start":{"line":10,"column":2},"end":{"line":13,"column":4}},"9":{"start":{"line":16,"column":24},"end":{"line":30,"column":1}},"10":{"start":{"line":17,"column":17},"end":{"line":17,"column":62}},"11":{"start":{"line":19,"column":4},"end":{"line":19,"column":109}},"12":{"start":{"line":20,"column":2},"end":{"line":20,"column":51}},"13":{"start":{"line":20,"column":19},"end":{"line":20,"column":51}},"14":{"start":{"line":22,"column":15},"end":{"line":22,"column":52}},"15":{"start":{"line":23,"column":2},"end":{"line":23,"column":45}},"16":{"start":{"line":23,"column":13},"end":{"line":23,"column":45}},"17":{"start":{"line":25,"column":20},"end":{"line":25,"column":61}},"18":{"start":{"line":26,"column":2},"end":{"line":26,"column":61}},"19":{"start":{"line":26,"column":35},"end":{"line":26,"column":61}},"20":{"start":{"line":28,"column":22},"end":{"line":28,"column":77}},"21":{"start":{"line":29,"column":2},"end":{"line":29,"column":24}},"22":{"start":{"line":32,"column":26},"end":{"line":49,"column":1}},"23":{"start":{"line":33,"column":18},"end":{"line":33,"column":65}},"24":{"start":{"line":34,"column":2},"end":{"line":34,"column":48}},"25":{"start":{"line":34,"column":16},"end":{"line":34,"column":48}},"26":{"start":{"line":36,"column":15},"end":{"line":36,"column":52}},"27":{"start":{"line":37,"column":2},"end":{"line":37,"column":35}},"28":{"start":{"line":37,"column":13},"end":{"line":37,"column":35}},"29":{"start":{"line":39,"column":20},"end":{"line":39,"column":61}},"30":{"start":{"line":40,"column":2},"end":{"line":40,"column":67}},"31":{"start":{"line":40,"column":35},"end":{"line":40,"column":67}},"32":{"start":{"line":42,"column":22},"end":{"line":42,"column":72}},"33":{"start":{"line":43,"column":2},"end":{"line":43,"column":42}},"34":{"start":{"line":43,"column":20},"end":{"line":43,"column":42}},"35":{"start":{"line":45,"column":21},"end":{"line":45,"column":85}},"36":{"start":{"line":46,"column":2},"end":{"line":46,"column":69}},"37":{"start":{"line":46,"column":55},"end":{"line":46,"column":69}},"38":{"start":{"line":48,"column":2},"end":{"line":48,"column":38}},"39":{"start":{"line":50,"column":23},"end":{"line":54,"column":2}},"40":{"start":{"line":56,"column":0},"end":{"line":56,"column":30}}},"fnMap":{"0":{"name":"(anonymous_1)","decl":{"start":{"line":6,"column":24},"end":{"line":6,"column":29}},"loc":{"start":{"line":6,"column":45},"end":{"line":14,"column":1}}},"1":{"name":"(anonymous_2)","decl":{"start":{"line":16,"column":24},"end":{"line":16,"column":29}},"loc":{"start":{"line":16,"column":65},"end":{"line":30,"column":1}}},"2":{"name":"(anonymous_3)","decl":{"start":{"line":32,"column":26},"end":{"line":32,"column":31}},"loc":{"start":{"line":32,"column":86},"end":{"line":49,"column":1}}}},"branchMap":{"0":{"loc":{"start":{"line":8,"column":2},"end":{"line":8,"column":42}},"type":"if","locations":[{"start":{"line":8,"column":2},"end":{"line":8,"column":42}}]},"1":{"loc":{"start":{"line":19,"column":4},"end":{"line":19,"column":109}},"type":"binary-expr","locations":[{"start":{"line":19,"column":4},"end":{"line":19,"column":11}},{"start":{"line":19,"column":15},"end":{"line":19,"column":47}},{"start":{"line":19,"column":51},"end":{"line":19,"column":77}},{"start":{"line":19,"column":81},"end":{"line":19,"column":109}}]},"2":{"loc":{"start":{"line":20,"column":2},"end":{"line":20,"column":51}},"type":"if","locations":[{"start":{"line":20,"column":2},"end":{"line":20,"column":51}}]},"3":{"loc":{"start":{"line":23,"column":2},"end":{"line":23,"column":45}},"type":"if","locations":[{"start":{"line":23,"column":2},"end":{"line":23,"column":45}}]},"4":{"loc":{"start":{"line":26,"column":2},"end":{"line":26,"column":61}},"type":"if","locations":[{"start":{"line":26,"column":2},"end":{"line":26,"column":61}}]},"5":{"loc":{"start":{"line":34,"column":2},"end":{"line":34,"column":48}},"type":"if","locations":[{"start":{"line":34,"column":2},"end":{"line":34,"column":48}}]},"6":{"loc":{"start":{"line":37,"column":2},"end":{"line":37,"column":35}},"type":"if","locations":[{"start":{"line":37,"column":2},"end":{"line":37,"column":35}}]},"7":{"loc":{"start":{"line":40,"column":2},"end":{"line":40,"column":67}},"type":"if","locations":[{"start":{"line":40,"column":2},"end":{"line":40,"column":67}}]},"8":{"loc":{"start":{"line":43,"column":2},"end":{"line":43,"column":42}},"type":"if","locations":[{"start":{"line":43,"column":2},"end":{"line":43,"column":42}}]},"9":{"loc":{"start":{"line":46,"column":2},"end":{"line":46,"column":69}},"type":"if","locations":[{"start":{"line":46,"column":2},"end":{"line":46,"column":69}}]},"10":{"loc":{"start":{"line":46,"column":6},"end":{"line":46,"column":53}},"type":"binary-expr","locations":[{"start":{"line":46,"column":6},"end":{"line":46,"column":38}},{"start":{"line":46,"column":42},"end":{"line":46,"column":53}}]}},"s":{"0":11,"1":11,"2":11,"3":11,"4":11,"5":2,"6":2,"7":2,"8":0,"9":11,"10":5,"11":3,"12":3,"13":2,"14":1,"15":1,"16":0,"17":1,"18":1,"19":0,"20":1,"21":1,"22":11,"23":6,"24":6,"25":6,"26":0,"27":0,"28":0,"29":0,"30":0,"31":0,"32":0,"33":0,"34":0,"35":0,"36":0,"37":0,"38":0,"39":11,"40":11},"f":{"0":2,"1":5,"2":6},"b":{"0":[2],"1":[3,3,2,1],"2":[2],"3":[0],"4":[0],"5":[6],"6":[0],"7":[0],"8":[0],"9":[0],"10":[0,0]}}
,"/Users/yokuny/Documents/GitHub/driven.t/src/services/enrollments-service/index.ts": {"path":"/Users/yokuny/Documents/GitHub/driven.t/src/services/enrollments-service/index.ts","statementMap":{"0":{"start":{"line":2,"column":0},"end":{"line":2,"column":42}},"1":{"start":{"line":3,"column":0},"end":{"line":3,"column":41}},"2":{"start":{"line":4,"column":0},"end":{"line":4,"column":66}},"3":{"start":{"line":11,"column":0},"end":{"line":11,"column":72}},"4":{"start":{"line":12,"column":0},"end":{"line":12,"column":47}},"5":{"start":{"line":15,"column":17},"end":{"line":15,"column":77}},"6":{"start":{"line":17,"column":2},"end":{"line":19,"column":null}},"7":{"start":{"line":18,"column":4},"end":{"line":18,"column":26}},"8":{"start":{"line":21,"column":62},"end":{"line":21,"column":73}},"9":{"start":{"line":23,"column":37},"end":{"line":29,"column":4}},"10":{"start":{"line":31,"column":2},"end":{"line":31,"column":17}},"11":{"start":{"line":35,"column":32},"end":{"line":35,"column":90}},"12":{"start":{"line":37,"column":2},"end":{"line":37,"column":59}},"13":{"start":{"line":37,"column":30},"end":{"line":37,"column":59}},"14":{"start":{"line":39,"column":18},"end":{"line":41,"column":52}},"15":{"start":{"line":43,"column":2},"end":{"line":46,"column":4}},"16":{"start":{"line":50,"column":2},"end":{"line":50,"column":33}},"17":{"start":{"line":50,"column":21},"end":{"line":50,"column":33}},"18":{"start":{"line":52,"column":2},"end":{"line":52,"column":73}},"19":{"start":{"line":56,"column":21},"end":{"line":56,"column":47}},"20":{"start":{"line":57,"column":18},"end":{"line":57,"column":53}},"21":{"start":{"line":59,"column":2},"end":{"line":59,"column":39}},"22":{"start":{"line":61,"column":24},"end":{"line":61,"column":115}},"23":{"start":{"line":63,"column":2},"end":{"line":63,"column":69}},"24":{"start":{"line":67,"column":2},"end":{"line":70,"column":4}},"25":{"start":{"line":73,"column":27},"end":{"line":77,"column":2}},"26":{"start":{"line":79,"column":0},"end":{"line":79,"column":34}}},"fnMap":{"0":{"name":"getAddressFromCEP","decl":{"start":{"line":14,"column":15},"end":{"line":14,"column":32}},"loc":{"start":{"line":14,"column":44},"end":{"line":32,"column":1}}},"1":{"name":"getOneWithAddressByUserId","decl":{"start":{"line":34,"column":15},"end":{"line":34,"column":40}},"loc":{"start":{"line":34,"column":55},"end":{"line":47,"column":1}}},"2":{"name":"getFirstAddress","decl":{"start":{"line":49,"column":9},"end":{"line":49,"column":24}},"loc":{"start":{"line":49,"column":46},"end":{"line":53,"column":1}}},"3":{"name":"createOrUpdateEnrollmentWithAddress","decl":{"start":{"line":55,"column":15},"end":{"line":55,"column":50}},"loc":{"start":{"line":55,"column":94},"end":{"line":64,"column":1}}},"4":{"name":"getAddressForUpsert","decl":{"start":{"line":66,"column":9},"end":{"line":66,"column":28}},"loc":{"start":{"line":66,"column":57},"end":{"line":71,"column":1}}}},"branchMap":{"0":{"loc":{"start":{"line":17,"column":2},"end":{"line":19,"column":null}},"type":"if","locations":[{"start":{"line":17,"column":2},"end":{"line":19,"column":null}}]},"1":{"loc":{"start":{"line":17,"column":6},"end":{"line":17,"column":38}},"type":"binary-expr","locations":[{"start":{"line":17,"column":6},"end":{"line":17,"column":18}},{"start":{"line":17,"column":22},"end":{"line":17,"column":38}}]},"2":{"loc":{"start":{"line":37,"column":2},"end":{"line":37,"column":59}},"type":"if","locations":[{"start":{"line":37,"column":2},"end":{"line":37,"column":59}}]},"3":{"loc":{"start":{"line":39,"column":18},"end":{"line":41,"column":52}},"type":"cond-expr","locations":[{"start":{"line":40,"column":6},"end":{"line":40,"column":55}},{"start":{"line":41,"column":6},"end":{"line":41,"column":52}}]},"4":{"loc":{"start":{"line":45,"column":8},"end":{"line":45,"column":32}},"type":"binary-expr","locations":[{"start":{"line":45,"column":8},"end":{"line":45,"column":17}},{"start":{"line":45,"column":21},"end":{"line":45,"column":32}}]},"5":{"loc":{"start":{"line":50,"column":2},"end":{"line":50,"column":33}},"type":"if","locations":[{"start":{"line":50,"column":2},"end":{"line":50,"column":33}}]},"6":{"loc":{"start":{"line":69,"column":8},"end":{"line":69,"column":74}},"type":"binary-expr","locations":[{"start":{"line":69,"column":8},"end":{"line":69,"column":30}},{"start":{"line":69,"column":34},"end":{"line":69,"column":74}}]}},"s":{"0":11,"1":11,"2":11,"3":11,"4":11,"5":4,"6":4,"7":1,"8":3,"9":3,"10":3,"11":15,"12":15,"13":3,"14":12,"15":12,"16":12,"17":0
[...]
{"line":4,"column":47}},"4":{"start":{"line":8,"column":16},"end":{"line":8,"column":49}},"5":{"start":{"line":9,"column":2},"end":{"line":9,"column":36}},"6":{"start":{"line":9,"column":14},"end":{"line":9,"column":36}},"7":{"start":{"line":11,"column":2},"end":{"line":11,"column":50}},"8":{"start":{"line":15,"column":16},"end":{"line":15,"column":49}},"9":{"start":{"line":16,"column":2},"end":{"line":16,"column":27}},"10":{"start":{"line":16,"column":14},"end":{"line":16,"column":27}},"11":{"start":{"line":18,"column":14},"end":{"line":18,"column":21}},"12":{"start":{"line":19,"column":24},"end":{"line":19,"column":45}},"13":{"start":{"line":20,"column":22},"end":{"line":20,"column":41}},"14":{"start":{"line":22,"column":2},"end":{"line":22,"column":65}},"15":{"start":{"line":25,"column":22},"end":{"line":28,"column":2}},"16":{"start":{"line":30,"column":0},"end":{"line":30,"column":29}}},"fnMap":{"0":{"name":"getFirstEvent","decl":{"start":{"line":7,"column":15},"end":{"line":7,"column":28}},"loc":{"start":{"line":7,"column":28},"end":{"line":12,"column":1}}},"1":{"name":"isCurrentEventActive","decl":{"start":{"line":14,"column":15},"end":{"line":14,"column":35}},"loc":{"start":{"line":14,"column":35},"end":{"line":23,"column":1}}}},"branchMap":{"0":{"loc":{"start":{"line":9,"column":2},"end":{"line":9,"column":36}},"type":"if","locations":[{"start":{"line":9,"column":2},"end":{"line":9,"column":36}}]},"1":{"loc":{"start":{"line":16,"column":2},"end":{"line":16,"column":27}},"type":"if","locations":[{"start":{"line":16,"column":2},"end":{"line":16,"column":27}}]},"2":{"loc":{"start":{"line":22,"column":9},"end":{"line":22,"column":64}},"type":"binary-expr","locations":[{"start":{"line":22,"column":9},"end":{"line":22,"column":35}},{"start":{"line":22,"column":39},"end":{"line":22,"column":64}}]}},"s":{"0":11,"1":11,"2":11,"3":11,"4":2,"5":2,"6":1,"7":1,"8":9,"9":9,"10":1,"11":8,"12":8,"13":8,"14":8,"15":11,"16":11},"f":{"0":2,"1":9},"b":{"0":[1],"1":[1],"2":[8,7]}}
,"/Users/yokuny/Documents/GitHub/driven.t/src/services/hotels-service/index.ts": {"path":"/Users/yokuny/Documents/GitHub/driven.t/src/services/hotels-service/index.ts","statementMap":{"0":{"start":{"line":2,"column":0},"end":{"line":2,"column":64}},"1":{"start":{"line":3,"column":0},"end":{"line":3,"column":64}},"2":{"start":{"line":4,"column":0},"end":{"line":4,"column":56}},"3":{"start":{"line":6,"column":21},"end":{"line":22,"column":1}},"4":{"start":{"line":7,"column":15},"end":{"line":7,"column":73}},"5":{"start":{"line":8,"column":2},"end":{"line":8,"column":42}},"6":{"start":{"line":8,"column":13},"end":{"line":8,"column":42}},"7":{"start":{"line":10,"column":17},"end":{"line":10,"column":63}},"8":{"start":{"line":11,"column":2},"end":{"line":11,"column":44}},"9":{"start":{"line":11,"column":15},"end":{"line":11,"column":44}},"10":{"start":{"line":12,"column":2},"end":{"line":12,"column":64}},"11":{"start":{"line":12,"column":36},"end":{"line":12,"column":64}},"12":{"start":{"line":14,"column":21},"end":{"line":14,"column":67}},"13":{"start":{"line":15,"column":2},"end":{"line":15,"column":72}},"14":{"start":{"line":15,"column":44},"end":{"line":15,"column":72}},"15":{"start":{"line":16,"column":2},"end":{"line":16,"column":75}},"16":{"start":{"line":16,"column":47},"end":{"line":16,"column":75}},"17":{"start":{"line":18,"column":26},"end":{"line":18,"column":63}},"18":{"start":{"line":19,"column":2},"end":{"line":19,"column":67}},"19":{"start":{"line":19,"column":38},"end":{"line":19,"column":67}},"20":{"start":{"line":21,"column":2},"end":{"line":21,"column":16}},"21":{"start":{"line":24,"column":22},"end":{"line":42,"column":1}},"22":{"start":{"line":25,"column":2},"end":{"line":25,"column":45}},"23":{"start":{"line":25,"column":16},"end":{"line":25,"column":45}},"24":{"start":{"line":27,"column":15},"end":{"line":27,"column":73}},"25":{"start":{"line":28,"column":2},"end":{"line":28,"column":42}},"26":{"start":{"line":28,"column":13},"end":{"line":28,"column":42}},"27":{"start":{"line":30,"column":17},"end":{"line":30,"column":63}},"28":{"start":{"line":31,"column":2},"end":{"line":31,"column":44}},"29":{"start":{"line":31,"column":15},"end":{"line":31,"column":44}},"30":{"start":{"line":32,"column":2},"end":{"line":32,"column":64}},"31":{"start":{"line":32,"column":36},"end":{"line":32,"column":64}},"32":{"start":{"line":34,"column":21},"end":{"line":34,"column":67}},"33":{"start":{"line":35,"column":2},"end":{"line":35,"column":72}},"34":{"start":{"line":35,"column":44},"end":{"line":35,"column":72}},"35":{"start":{"line":36,"column":2},"end":{"line":36,"column":75}},"36":{"start":{"line":36,"column":47},"end":{"line":36,"column":75}},"37":{"start":{"line":38,"column":24},"end":{"line":38,"column":69}},"38":{"start":{"line":39,"column":2},"end":{"line":39,"column":51}},"39":{"start":{"line":39,"column":22},"end":{"line":39,"column":51}},"40":{"start":{"line":40,"column":2},"end":{"line":40,"column":93}},"41":{"start":{"line":40,"column":64},"end":{"line":40,"column":93}},"42":{"start":{"line":41,"column":2},"end":{"line":41,"column":23}},"43":{"start":{"line":44,"column":22},"end":{"line":47,"column":2}},"44":{"start":{"line":49,"column":0},"end":{"line":49,"column":29}}},"fnMap":{"0":{"name":"(anonymous_1)","decl":{"start":{"line":6,"column":21},"end":{"line":6,"column":26}},"loc":{"start":{"line":6,"column":64},"end":{"line":22,"column":1}}},"1":{"name":"(anonymous_2)","decl":{"start":{"line":24,"column":22},"end":{"line":24,"column":27}},"loc":{"start":{"line":24,"column":64},"end":{"line":42,"column":1}}}},"branchMap":{"0":{"loc":{"start":{"line":8,"column":2},"end":{"line":8,"column":42}},"type":"if","locations":[{"start":{"line":8,"column":2},"end":{"line":8,"column":42}}]},"1":{"loc":{"start":{"line":11,"column":2},"end":{"line":11,"column":44}},"type":"if","locations":[{"start":{"line":11,"column":2},"end":{"line":11,"column":44}}]},"2":{"loc":{"start":{"line":12,"column":2},"end":{"line":12,"column":64}},"type":"if","locations":[{"start":{"line":12,"column":2},"end":{"line":12,"column":64}}]},"3":{"loc":{"start":{"line":15,"column":2},"end":{"line":15,"column":72}},"type":"if","locations":[{"start":{"line":15,"column":2},"end":{"line":15,"column":72}}]},"4":{"loc":{"start":{"line":16,"column":2},"end":{"line":16,"column":75}},"type":"if","locations":[{"start":{"line":16,"column":2},"end":{"line":16,"column":75}}]},"5":{"loc":{"start":{"line":19,"column":2},"end":{"line":19,"column":67}},"type":"if","locations":[{"start":{"line":19,"column":2},"end":{"line":19,"column":67}}]},"6":{"loc":{"start":{"line":19,"column":6},"end":{"line":19,"column":36}},"type":"binary-expr","locations":[{"start":{"line":19,"column":6},"end":{"line":19,"column":13}},{"start":{"line":19,"column":17},"end":{"line":19,"column":36}}]},"7":{"loc":{"start":{"line":25,"column":2},"end":{"line":25,"column":45}},"type":"if","locations":[{"start":{"line":25,"column":2},"end":{"line":25,"column":45}}]},"8":{"loc":{"start":{"line":28,"column":2},"end":{"line":28,"column":42}},"type":"if","locations":[{"start":{"line":28,"column":2},"end":{"line":28,"column":42}}]},"9":{"loc":{"start":{"line":31,"column":2},"end":{"line":31,"column":44}},"type":"if","locations":[{"start":{"line":31,"column":2},"end":{"line":31,"column":44}}]},"10":{"loc":{"start":{"line":32,"column":2},"end":{"line":32,"column":64}},"type":"if","locations":[{"start":{"line":32,"column":2},"end":{"line":32,"column":64}}]},"11":{"loc":{"start":{"line":35,"column":2},"end":{"line":35,"column":72}},"type":"if","locations":[{"start":{"line":35,"column":2},"end":{"line":35,"column":72}}]},"12":{"loc":{"start":{"line":36,"column":2},"end":{"line":36,"column":75}},"type":"if","locations":[{"start":{"line":36,"column":2},"end":{"line":36,"column":75}}]},"13":{"loc":{"start":{"line":39,"column":2},"end":{"line":39,"column":51}},"type":"if","locations":[{"start":{"line":39,"column":2},"end":{"line":39,"column":51}}]},"14":{"loc":{"start":{"line":40,"column":2},"end":{"line":40,"column":93}},"type":"if","locations":[{"start":{"line":40,"column":2},"end":{"line":40,"column":93}}]},"15":{"loc":{"start":{"line":40,"column":6},"end":{"line":40,"column":62}},"type":"binary-expr","locations":[{"start":{"line":40,"column":6},"end":{"line":40,"column":26}},{"start":{"line":40,"column":30},"end":{"line":40,"column":62}}]}},"s":{"0":11,"1":11,"2":11,"3":11,"4":10,"5":9,"6":0,"7":9,"8":8,"9":0,"10":8,"11":2,"12":6,"13":6,"14":4,"15":2,"16":0,"17":2,"18":2,"19":1,"20":1,"21":11,"22":3,"23":0,"24":3,"25":2,"26":0,"27":2,"28":1,"29":0,"30":1,"31":0,"32":1,"33":1,"34":0,"35":1,"36":0,"37":1,"38":1,"39":1,"40":0,"41":0,"42":0,"43":11,"44":11},"f":{"0":10,"1":3},"b":{"0":[0],"1":[0],"2":[2],"3":[4],"4":[0],"5":[1],"6":[2,2],"7":[0],"8":[0],"9":[0],"10":[0],"11":[0],"12":[0],"13":[1],"14":[0],"15":[0,0]}}
,"/Users/yokuny/Documents/GitHub/driven.t/src/services/payments-service/index.ts": {"path":"/Users/yokuny/Documents/GitHub/driven.t/src/services/payments-service/index.ts","statementMap":{"0":{"start":{"line":1,"column":0},"end":{"line":1,"column":60}},"1":{"start":{"line":3,"column":0},"end":{"line":3,"column":72}},"2":{"start":{"line":4,"column":0},"end":{"line":4,"column":68}},"3":{"start":{"line":5,"column":0},"end":{"line":5,"column":66}},"4":{"start":{"line":8,"column":17},"end":{"line":8,"column":65}},"5":{"start":{"line":9,"column":2},"end":{"line":9,"column":37}},"6":{"start":{"line":9,"column":15},"end":{"line":9,"column":37}},"7":{"start":{"line":11,"column":21},"end":{"line":11,"column":77}},"8":{"start":{"line":12,"column":2},"end":{"line":12,"column":41}},"9":{"start":{"line":12,"column":19},"end":{"line":12,"column":41}},"10":{"start":{"line":14,"column":2},"end":{"line":14,"column":62}},"11":{"start":{"line":14,"column":36},"end":{"line":14,"column":62}},"12":{"start":{"line":18,"column":2},"end":{"line":18,"column":52}},"13":{"start":{"line":20,"column":18},"end":{"line":20,"column":74}},"14":{"start":{"line":21,"column":2},"end":{"line":21,"column":38}},"15":{"start":{"line":21,"column":16},"end":{"line":21,"column":38}},"16":{"start":{"line":23,"column":2},"end":{"line":23,"column":17}},"17":{"start":{"line":27,"column":2},"end":{"line":27,"column":52}},"18":{"start":{"line":29,"column":17},"end":{"line":29,"column":72}},"19":{"start":{"line":31,"column":37},"end":{"line":36,"column":4}},"20":{"start":{"line":38,"column":18},"end":{"line":38,"column":79}},"21":{"start":{"line":40,"column":2},"end":{"line":40,"column":57}},"22":{"start":{"line":42,"column":2},"end":{"line":42,"column":17}},"23":{"start":{"line":45,"column":0},"end":{"line":45,"column":56}}},"fnMap":{"0":{"name":"verifyTicketAndEnrollment","decl":{"start":{"line":7,"column":15},"end":{"line":7,"column":40}},"loc":{"start":{"line":7,"column":73},"end":{"line":15,"column":1}}},"1":{"name":"getPaymentByTicketId","decl":{"start":{"line":17,"column":15},"end":{"line":17,"column":35}},"loc":{"start":{"line":17,"column":68},"end":{"line":24,"column":1}}},"2":{"name":"paymentProcess","decl":{"start":{"line":26,"column":15},"end":{"line":26,"column":29}},"loc":{"start":{"line":26,"column":91},"end":{"line":43,"column":1}}}},"branchMap":{"0":{"loc":{"start":{"line":9,"column":2},"end":{"line":9,"column":37}},"type":"if","locations":[{"start":{"line":9,"column":2},"end":{"line":9,"column":37}}]},"1":{"loc":{"start":{"line":12,"column":2},"end":{"line":12,"column":41}},"type":"if","locations":[{"start":{"line":12,"column":2},"end":{"line":12,"column":41}}]},"2":{"loc":{"start":{"line":14,"column":2},"end":{"line":14,"column":62}},"type":"if","locations":[{"start":{"line":14,"column":2},"end":{"line":14,"column":62}}]},"3":{"loc":{"start":{"line":21,"column":2},"end":{"line":21,"column":38}},"type":"if","locations":[{"start":{"line":21,"column":2},"end":{"line":21,"column":38}}]}},"s":{"0":11,"1":11,"2":11,"3":11,"4":8,"5":8,"6":2,"7":6,"8":6,"9":0,"10":6,"11":2,"12":3,"13":1,"14":1,"15":0,"16":1,"17":5,"18":3,"19":3,"20":3,"21":3,"22":3,"23":11},"f":{"0":8,"1":3,"2":5},"b":{"0":[2],"1":[0],"2":[2],"3":[0]}}
,"/Users/yokuny/Documents/GitHub/driven.t/src/services/tickets-service/index.ts": {"path":"/Users/yokuny/Documents/GitHub/driven.t/src/services/tickets-service/index.ts","statementMap":{"0":{"start":{"line":1,"column":0},"end":{"line":1,"column":66}},"1":{"start":{"line":2,"column":0},"end":{"line":2,"column":41}},"2":{"start":{"line":3,"column":0},"end":{"line":3,"column":72}},"3":{"start":{"line":4,"column":0},"end":{"line":4,"column":66}},"4":{"start":{"line":8,"column":36},"end":{"line":8,"column":77}},"5":{"start":{"line":9,"column":2},"end":{"line":9,"column":42}},"6":{"start":{"line":9,"column":20},"end":{"line":9,"column":42}},"7":{"start":{"line":11,"column":2},"end":{"line":11,"column":21}},"8":{"start":{"line":15,"column":21},"end":{"line":15,"column":79}},"9":{"start":{"line":16,"column":2},"end":{"line":16,"column":41}},"10":{"start":{"line":16,"column":19},"end":{"line":16,"column":41}},"11":{"start":{"line":18,"column":17},"end":{"line":18,"column":80}},"12":{"start":{"line":19,"column":2},"end":{"line":19,"column":37}},"13":{"start":{"line":19,"column":15},"end":{"line":19,"column":37}},"14":{"start":{"line":21,"column":2},"end":{"line":21,"column":16}},"15":{"start":{"line":25,"column":21},"end":{"line":25,"column":79}},"16":{"start":{"line":26,"column":2},"end":{"line":26,"column":41}},"17":{"start":{"line":26,"column":19},"end":{"line":26,"column":41}},"18":{"start":{"line":28,"column":41},"end":{"line":32,"column":4}},"19":{"start":{"line":34,"column":2},"end":{"line":34,"column":51}},"20":{"start":{"line":36,"column":17},"end":{"line":36,"column":80}},"21":{"start":{"line":38,"column":2},"end":{"line":38,"column":16}},"22":{"start":{"line":41,"column":22},"end":{"line":41,"column":72}},"23":{"start":{"line":43,"column":0},"end":{"line":43,"column":29}}},"fnMap":{"0":{"name":"getTicketType","decl":{"start":{"line":7,"column":15},"end":{"line":7,"column":28}},"loc":{"start":{"line":7,"column":28},"end":{"line":12,"column":1}}},"1":{"name":"getTicketByUserId","decl":{"start":{"line":14,"column":15},"end":{"line":14,"column":32}},"loc":{"start":{"line":14,"column":47},"end":{"line":22,"column":1}}},"2":{"name":"createTicket","decl":{"start":{"line":24,"column":15},"end":{"line":24,"column":27}},"loc":{"start":{"line":24,"column":64},"end":{"line":39,"column":1}}}},"branchMap":{"0":{"loc":{"start":{"line":9,"column":2},"end":{"line":9,"column":42}},"type":"if","locations":[{"start":{"line":9,"column":2},"end":{"line":9,"column":42}}]},"1":{"loc":{"start":{"line":16,"column":2},"end":{"line":16,"column":41}},"type":"if","locations":[{"start":{"line":16,"column":2},"end":{"line":16,"column":41}}]},"2":{"loc":{"start":{"line":19,"column":2},"end":{"line":19,"column":37}},"type":"if","locations":[{"start":{"line":19,"column":2},"end":{"line":19,"column":37}}]},"3":{"loc":{"start":{"line":26,"column":2},"end":{"line":26,"column":41}},"type":"if","locations":[{"start":{"line":26,"column":2},"end":{"line":26,"column":41}}]}},"s":{"0":11,"1":11,"2":11,"3":11,"4":2,"5":2,"6":0,"7":2,"8":26,"9":26,"10":3,"11":23,"12":23,"13":3,"14":20,"15":3,"16":3,"17":1,"18":2,"19":2,"20":2,"21":2,"22":11,"23":11},"f":{"0":2,"1":26,"2":3},"b":{"0":[0],"1":[3],"2":[3],"3":[1]}}
,"/Users/yokuny/Documents/GitHub/driven.t/src/services/users-service/errors.ts": {"path":"/Users/yokuny/Documents/GitHub/driven.t/src/services/users-service/errors.ts","statementMap":{"0":{"start":{"line":4,"column":2},"end":{"line":7,"column":4}},"1":{"start":{"line":3,"column":0},"end":{"line":3,"column":16}}},"fnMap":{"0":{"name":"duplicatedEmailError","decl":{"start":{"line":3,"column":16},"end":{"line":3,"column":36}},"loc":{"start":{"line":3,"column":36},"end":{"line":8,"column":1}}}},"branchMap":{},"s":{"0":4,"1":11},"f":{"0":4},"b":{}}
,"/Users/yokuny/Documents/GitHub/driven.t/src/services/users-service/index.ts": {"path":"/Users/yokuny/Documents/GitHub/driven.t/src/services/users-service/index.ts","statementMap":{"0":{"start":{"line":2,"column":0},"end":{"line":2,"column":28}},"1":{"start":{"line":3,"column":0},"end":{"line":3,"column":48}},"2":{"start":{"line":4,"column":0},"end":{"line":4,"column":54}},"3":{"start":{"line":5,"column":0},"end":{"line":5,"column":60}},"4":{"start":{"line":6,"column":0},"end":{"line":6,"column":60}},"5":{"start":{"line":10,"column":2},"end":{"line":10,"column":26}},"6":{"start":{"line":12,"column":2},"end":{"line":12,"column":41}},"7":{"start":{"line":14,"column":25},"end":{"line":14,"column":56}},"8":{"start":{"line":15,"column":2},"end":{"line":18,"column":5}},"9":{"start":{"line":22,"column":28},"end":{"line":22,"column":67}},"10":{"start":{"line":23,"column":2},"end":{"line":25,"column":null}},"11":{"start":{"line":24,"column":4},"end":{"line":24,"column":33}},"12":{"start":{"line":29,"column":20},"end":{"line":29,"column":62}},"13":{"start":{"line":30,"column":2},"end":{"line":32,"column":null}},"14":{"start":{"line":31,"column":4},"end":{"line":31,"column":45}},"15":{"start":{"line":35,"column":20},"end":{"line":37,"column":2}},"16":{"start":{"line":39,"column":0},"end":{"line":39,"column":25}},"17":{"start":{"line":40,"column":0},"end":{"line":40,"column":27}}},"fnMap":{"0":{"name":"createUser","decl":{"start":{"line":9,"column":15},"end":{"line":9,"column":25}},"loc":{"start":{"line":9,"column":63},"end":{"line":19,"column":1}}},"1":{"name":"validateUniqueEmailOrFail","decl":{"start":{"line":21,"column":15},"end":{"line":21,"column":40}},"loc":{"start":{"line":21,"column":54},"end":{"line":26,"column":1}}},"2":{"name":"canEnrollOrFail","decl":{"start":{"line":28,"column":15},"end":{"line":28,"column":30}},"loc":{"start":{"line":28,"column":30},"end":{"line":33,"column":1}}}},"branchMap":{"0":{"loc":{"start":{"line":23,"column":2},"end":{"line":25,"column":null}},"type":"if","locations":[{"start":{"line":23,"column":2},"end":{"line":25,"column":null}}]},"1":{"loc":{"start":{"line":30,"column":2},"end":{"line":32,"column":null}},"type":"if","locations":[{"start":{"line":30,"column":2},"end":{"line":32,"column":null}}]}},"s":{"0":11,"1":11,"2":11,"3":11,"4":11,"5":9,"6":7,"7":5,"8":5,"9":7,"10":7,"11":2,"12":9,"13":9,"14":2,"15":11,"16":11,"17":11},"f":{"0":9,"1":7,"2":9},"b":{"0":[2],"1":[2]}}
,"/Users/yokuny/Documents/GitHub/driven.t/src/utils/prisma-utils.ts": {"path":"/Users/yokuny/Documents/GitHub/driven.t/src/utils/prisma-utils.ts","statementMap":{"0":{"start":{"line":2,"column":20},"end":{"line":2,"column":54}},"1":{"start":{"line":3,"column":2},"end":{"line":5,"column":null}},"2":{"start":{"line":4,"column":4},"end":{"line":4,"column":26}},"3":{"start":{"line":6,"column":2},"end":{"line":6,"column":19}},"4":{"start":{"line":1,"column":0},"end":{"line":1,"column":16}}},"fnMap":{"0":{"name":"exclude","decl":{"start":{"line":1,"column":16},"end":{"line":1,"column":23}},"loc":{"start":{"line":1,"column":73},"end":{"line":7,"column":1}}}},"branchMap":{},"s":{"0":34,"1":34,"2":95,"3":34,"4":11},"f":{"0":34},"b":{}}
,"/Users/yokuny/Documents/GitHub/driven.t/src/utils/request.ts": {"path":"/Users/yokuny/Documents/GitHub/driven.t/src/utils/request.ts","statementMap":{"0":{"start":{"line":1,"column":0},"end":{"line":1,"column":26}},"1":{"start":{"line":2,"column":0},"end":{"line":2,"column":40}},"2":{"start":{"line":5,"column":2},"end":{"line":12,"column":null}},"3":{"start":{"line":6,"column":19},"end":{"line":6,"column":39}},"4":{"start":{"line":7,"column":4},"end":{"line":7,"column":18}},"5":{"start":{"line":9,"column":35},"end":{"line":9,"column":49}},"6":{"start":{"line":11,"column":4},"end":{"line":11,"column":44}},"7":{"start":{"line":15,"column":13},"end":{"line":17,"column":2}}},"fnMap":{"0":{"name":"get","decl":{"start":{"line":4,"column":15},"end":{"line":4,"column":18}},"loc":{"start":{"line":4,"column":30},"end":{"line":13,"column":1}}}},"branchMap":{},"s":{"0":11,"1":11,"2":4,"3":4,"4":3,"5":1,"6":1,"7":11},"f":{"0":4},"b":{}}
}
